2021-08-14 12:49:11 | [INFO]    | Discordia 2.9.1
2021-08-14 12:49:11 | [INFO]    | Connecting to Discord...
2021-08-14 12:49:12 | [INFO]    | Authenticated as CoronaBot#6398
2021-08-14 12:49:13 | [INFO]    | Launching shard 0 (1 out of 1)...
2021-08-14 12:49:13 | [INFO]    | Shard 0 : Connected to wss://gateway.discord.gg
2021-08-14 12:49:13 | [INFO]    | Shard 0 : Received HELLO
2021-08-14 12:49:14 | [INFO]    | Shard 0 : Received READY
2021-08-14 12:49:46 | [INFO]    | Discordia 2.9.1
2021-08-14 12:49:46 | [INFO]    | Connecting to Discord...
2021-08-14 12:49:47 | [INFO]    | Authenticated as CoronaBot#6398
2021-08-14 12:49:47 | [INFO]    | Launching shard 0 (1 out of 1)...
2021-08-14 12:49:47 | [INFO]    | Shard 0 : Connected to wss://gateway.discord.gg
2021-08-14 12:49:47 | [INFO]    | Shard 0 : Received HELLO
2021-08-14 12:49:48 | [INFO]    | Shard 0 : Received READY
2021-08-14 12:52:52 | [INFO]    | Discordia 2.9.1
2021-08-14 12:52:52 | [INFO]    | Connecting to Discord...
2021-08-14 12:52:52 | [INFO]    | Authenticated as CoronaBot#6398
2021-08-14 12:52:52 | [INFO]    | Launching shard 0 (1 out of 1)...
2021-08-14 12:52:53 | [INFO]    | Shard 0 : Connected to wss://gateway.discord.gg
2021-08-14 12:52:53 | [INFO]    | Shard 0 : Received HELLO
2021-08-14 12:52:53 | [INFO]    | Shard 0 : Received READY
2021-08-14 12:53:28 | [INFO]    | Discordia 2.9.1
2021-08-14 12:53:28 | [INFO]    | Connecting to Discord...
2021-08-14 12:53:28 | [INFO]    | Authenticated as CoronaBot#6398
2021-08-14 12:53:28 | [INFO]    | Launching shard 0 (1 out of 1)...
2021-08-14 12:53:29 | [INFO]    | Shard 0 : Connected to wss://gateway.discord.gg
2021-08-14 12:53:29 | [INFO]    | Shard 0 : Received HELLO
2021-08-14 12:53:29 | [INFO]    | Shard 0 : Received READY
2021-08-14 12:53:37 | [INFO]    | Discordia 2.9.1
2021-08-14 12:53:37 | [INFO]    | Connecting to Discord...
2021-08-14 12:53:37 | [INFO]    | Authenticated as CoronaBot#6398
2021-08-14 12:53:37 | [INFO]    | Launching shard 0 (1 out of 1)...
2021-08-14 12:53:37 | [INFO]    | Shard 0 : Connected to wss://gateway.discord.gg
2021-08-14 12:53:37 | [INFO]    | Shard 0 : Received HELLO
2021-08-14 12:53:38 | [INFO]    | Shard 0 : Received READY
2021-08-14 12:53:43 | [INFO]    | Discordia 2.9.1
2021-08-14 12:53:43 | [INFO]    | Connecting to Discord...
2021-08-14 12:53:43 | [INFO]    | Authenticated as CoronaBot#6398
2021-08-14 12:53:43 | [INFO]    | Launching shard 0 (1 out of 1)...
2021-08-14 12:53:44 | [INFO]    | Shard 0 : Connected to wss://gateway.discord.gg
2021-08-14 12:53:44 | [INFO]    | Shard 0 : Received HELLO
2021-08-14 12:53:44 | [INFO]    | Shard 0 : Received READY
2021-08-14 12:53:50 | [INFO]    | Discordia 2.9.1
2021-08-14 12:53:50 | [INFO]    | Connecting to Discord...
2021-08-14 12:53:50 | [INFO]    | Authenticated as CoronaBot#6398
2021-08-14 12:53:50 | [INFO]    | Launching shard 0 (1 out of 1)...
2021-08-14 12:53:50 | [INFO]    | Shard 0 : Connected to wss://gateway.discord.gg
2021-08-14 12:53:50 | [INFO]    | Shard 0 : Received HELLO
2021-08-14 12:53:51 | [INFO]    | Shard 0 : Received READY
2021-08-14 12:54:04 | [INFO]    | Discordia 2.9.1
2021-08-14 12:54:04 | [INFO]    | Connecting to Discord...
2021-08-14 12:54:04 | [INFO]    | Authenticated as CoronaBot#6398
2021-08-14 12:54:04 | [INFO]    | Launching shard 0 (1 out of 1)...
2021-08-14 12:54:05 | [INFO]    | Shard 0 : Connected to wss://gateway.discord.gg
2021-08-14 12:54:05 | [INFO]    | Shard 0 : Received HELLO
2021-08-14 12:54:05 | [INFO]    | Shard 0 : Received READY
2021-08-14 12:56:05 | [INFO]    | Discordia 2.9.1
2021-08-14 12:56:05 | [INFO]    | Connecting to Discord...
2021-08-14 12:56:05 | [INFO]    | Authenticated as CoronaBot#6398
2021-08-14 12:56:05 | [INFO]    | Launching shard 0 (1 out of 1)...
2021-08-14 12:56:06 | [INFO]    | Shard 0 : Connected to wss://gateway.discord.gg
2021-08-14 12:56:06 | [INFO]    | Shard 0 : Received HELLO
2021-08-14 12:56:06 | [INFO]    | Shard 0 : Received READY
2021-08-14 12:56:51 | [INFO]    | Discordia 2.9.1
2021-08-14 12:56:51 | [INFO]    | Connecting to Discord...
2021-08-14 12:56:51 | [INFO]    | Authenticated as CoronaBot#6398
2021-08-14 12:56:51 | [INFO]    | Launching shard 0 (1 out of 1)...
2021-08-14 12:56:52 | [INFO]    | Shard 0 : Connected to wss://gateway.discord.gg
2021-08-14 12:56:52 | [INFO]    | Shard 0 : Received HELLO
2021-08-14 12:56:52 | [INFO]    | Shard 0 : Received READY
2021-08-14 12:58:49 | [INFO]    | Discordia 2.9.1
2021-08-14 12:58:49 | [INFO]    | Connecting to Discord...
2021-08-14 12:58:50 | [INFO]    | Authenticated as CoronaBot#6398
2021-08-14 12:58:50 | [INFO]    | Launching shard 0 (1 out of 1)...
2021-08-14 12:58:50 | [INFO]    | Shard 0 : Connected to wss://gateway.discord.gg
2021-08-14 12:58:50 | [INFO]    | Shard 0 : Received HELLO
2021-08-14 12:58:51 | [INFO]    | Shard 0 : Received READY
2021-08-14 12:59:45 | [INFO]    | Discordia 2.9.1
2021-08-14 12:59:45 | [INFO]    | Connecting to Discord...
2021-08-14 12:59:46 | [INFO]    | Authenticated as CoronaBot#6398
2021-08-14 12:59:46 | [INFO]    | Launching shard 0 (1 out of 1)...
2021-08-14 12:59:47 | [INFO]    | Shard 0 : Connected to wss://gateway.discord.gg
2021-08-14 12:59:47 | [INFO]    | Shard 0 : Received HELLO
2021-08-14 12:59:47 | [INFO]    | Shard 0 : Received READY
2021-08-14 13:00:26 | [INFO]    | Discordia 2.9.1
2021-08-14 13:00:26 | [INFO]    | Connecting to Discord...
2021-08-14 13:00:28 | [INFO]    | Authenticated as CoronaBot#6398
2021-08-14 13:00:28 | [INFO]    | Launching shard 0 (1 out of 1)...
2021-08-14 13:00:29 | [INFO]    | Shard 0 : Connected to wss://gateway.discord.gg
2021-08-14 13:00:29 | [INFO]    | Shard 0 : Received HELLO
2021-08-14 13:00:29 | [INFO]    | Shard 0 : Received READY
2021-08-14 13:01:00 | [INFO]    | Discordia 2.9.1
2021-08-14 13:01:00 | [INFO]    | Connecting to Discord...
2021-08-14 13:01:01 | [INFO]    | Authenticated as CoronaBot#6398
2021-08-14 13:01:01 | [INFO]    | Launching shard 0 (1 out of 1)...
2021-08-14 13:01:01 | [INFO]    | Shard 0 : Connected to wss://gateway.discord.gg
2021-08-14 13:01:01 | [INFO]    | Shard 0 : Received HELLO
2021-08-14 13:01:02 | [INFO]    | Shard 0 : Received READY
2021-08-14 13:01:33 | [INFO]    | Discordia 2.9.1
2021-08-14 13:01:33 | [INFO]    | Connecting to Discord...
2021-08-14 13:01:34 | [INFO]    | Authenticated as CoronaBot#6398
2021-08-14 13:01:34 | [INFO]    | Launching shard 0 (1 out of 1)...
2021-08-14 13:01:34 | [INFO]    | Shard 0 : Connected to wss://gateway.discord.gg
2021-08-14 13:01:34 | [INFO]    | Shard 0 : Received HELLO
2021-08-14 13:01:34 | [INFO]    | Shard 0 : Received READY
2021-08-14 13:02:48 | [INFO]    | Discordia 2.9.1
2021-08-14 13:02:48 | [INFO]    | Connecting to Discord...
2021-08-14 13:02:48 | [INFO]    | Authenticated as CoronaBot#6398
2021-08-14 13:02:48 | [INFO]    | Launching shard 0 (1 out of 1)...
2021-08-14 13:02:49 | [INFO]    | Shard 0 : Connected to wss://gateway.discord.gg
2021-08-14 13:02:49 | [INFO]    | Shard 0 : Received HELLO
2021-08-14 13:02:49 | [INFO]    | Shard 0 : Received READY
2021-08-14 13:06:36 | [INFO]    | Discordia 2.9.1
2021-08-14 13:06:36 | [INFO]    | Connecting to Discord...
2021-08-14 13:06:36 | [INFO]    | Authenticated as CoronaBot#6398
2021-08-14 13:06:36 | [INFO]    | Launching shard 0 (1 out of 1)...
2021-08-14 13:06:37 | [INFO]    | Shard 0 : Connected to wss://gateway.discord.gg
2021-08-14 13:06:37 | [INFO]    | Shard 0 : Received HELLO
2021-08-14 13:06:37 | [INFO]    | Shard 0 : Received READY
2021-08-14 13:06:53 | [INFO]    | Discordia 2.9.1
2021-08-14 13:06:53 | [INFO]    | Connecting to Discord...
2021-08-14 13:06:54 | [INFO]    | Authenticated as CoronaBot#6398
2021-08-14 13:06:54 | [INFO]    | Launching shard 0 (1 out of 1)...
2021-08-14 13:06:54 | [INFO]    | Shard 0 : Connected to wss://gateway.discord.gg
2021-08-14 13:06:54 | [INFO]    | Shard 0 : Received HELLO
2021-08-14 13:06:54 | [INFO]    | Shard 0 : Received READY
2021-08-14 13:08:07 | [INFO]    | Discordia 2.9.1
2021-08-14 13:08:07 | [INFO]    | Connecting to Discord...
2021-08-14 13:08:08 | [INFO]    | Authenticated as CoronaBot#6398
2021-08-14 13:08:08 | [INFO]    | Launching shard 0 (1 out of 1)...
2021-08-14 13:08:08 | [INFO]    | Shard 0 : Connected to wss://gateway.discord.gg
2021-08-14 13:08:08 | [INFO]    | Shard 0 : Received HELLO
2021-08-14 13:08:08 | [INFO]    | Shard 0 : Received READY
2021-08-14 13:08:45 | [INFO]    | Discordia 2.9.1
2021-08-14 13:08:45 | [INFO]    | Connecting to Discord...
2021-08-14 13:08:45 | [INFO]    | Authenticated as CoronaBot#6398
2021-08-14 13:08:45 | [INFO]    | Launching shard 0 (1 out of 1)...
2021-08-14 13:08:46 | [INFO]    | Shard 0 : Connected to wss://gateway.discord.gg
2021-08-14 13:08:46 | [INFO]    | Shard 0 : Received HELLO
2021-08-14 13:08:46 | [INFO]    | Shard 0 : Received READY
2021-08-14 13:14:35 | [INFO]    | Discordia 2.9.1
2021-08-14 13:14:35 | [INFO]    | Connecting to Discord...
2021-08-14 13:14:36 | [INFO]    | Authenticated as CoronaBot#6398
2021-08-14 13:14:36 | [INFO]    | Launching shard 0 (1 out of 1)...
2021-08-14 13:14:36 | [INFO]    | Shard 0 : Connected to wss://gateway.discord.gg
2021-08-14 13:14:36 | [INFO]    | Shard 0 : Received HELLO
2021-08-14 13:14:37 | [INFO]    | Shard 0 : Received READY
2021-08-14 13:14:46 | [INFO]    | Discordia 2.9.1
2021-08-14 13:14:46 | [INFO]    | Connecting to Discord...
2021-08-14 13:14:47 | [INFO]    | Authenticated as CoronaBot#6398
2021-08-14 13:14:47 | [INFO]    | Launching shard 0 (1 out of 1)...
2021-08-14 13:14:47 | [INFO]    | Shard 0 : Connected to wss://gateway.discord.gg
2021-08-14 13:14:47 | [INFO]    | Shard 0 : Received HELLO
2021-08-14 13:14:48 | [INFO]    | Shard 0 : Received READY
2021-08-14 13:14:53 | [INFO]    | Discordia 2.9.1
2021-08-14 13:14:53 | [INFO]    | Connecting to Discord...
2021-08-14 13:14:54 | [INFO]    | Authenticated as CoronaBot#6398
2021-08-14 13:14:54 | [INFO]    | Launching shard 0 (1 out of 1)...
2021-08-14 13:14:54 | [INFO]    | Shard 0 : Connected to wss://gateway.discord.gg
2021-08-14 13:14:54 | [INFO]    | Shard 0 : Received HELLO
2021-08-14 13:14:54 | [INFO]    | Shard 0 : Received READY
2021-08-14 13:14:58 | [INFO]    | Discordia 2.9.1
2021-08-14 13:14:58 | [INFO]    | Connecting to Discord...
2021-08-14 13:14:58 | [INFO]    | Authenticated as CoronaBot#6398
2021-08-14 13:14:58 | [INFO]    | Launching shard 0 (1 out of 1)...
2021-08-14 13:14:58 | [INFO]    | Shard 0 : Connected to wss://gateway.discord.gg
2021-08-14 13:14:58 | [INFO]    | Shard 0 : Received HELLO
2021-08-14 13:14:59 | [INFO]    | Shard 0 : Session invalidated, re-identifying...
2021-08-14 13:15:06 | [INFO]    | Shard 0 : Received READY
2021-08-14 13:16:13 | [INFO]    | Discordia 2.9.1
2021-08-14 13:16:13 | [INFO]    | Connecting to Discord...
2021-08-14 13:16:14 | [INFO]    | Authenticated as CoronaBot#6398
2021-08-14 13:16:14 | [INFO]    | Launching shard 0 (1 out of 1)...
2021-08-14 13:16:14 | [INFO]    | Shard 0 : Connected to wss://gateway.discord.gg
2021-08-14 13:16:14 | [INFO]    | Shard 0 : Received HELLO
2021-08-14 13:16:15 | [INFO]    | Shard 0 : Received READY
2021-08-14 13:16:42 | [INFO]    | Discordia 2.9.1
2021-08-14 13:16:42 | [INFO]    | Connecting to Discord...
2021-08-14 13:16:43 | [INFO]    | Authenticated as CoronaBot#6398
2021-08-14 13:16:43 | [INFO]    | Launching shard 0 (1 out of 1)...
2021-08-14 13:16:43 | [INFO]    | Shard 0 : Connected to wss://gateway.discord.gg
2021-08-14 13:16:43 | [INFO]    | Shard 0 : Received HELLO
2021-08-14 13:16:44 | [INFO]    | Shard 0 : Received READY
2021-08-14 13:17:09 | [INFO]    | Discordia 2.9.1
2021-08-14 13:17:09 | [INFO]    | Connecting to Discord...
2021-08-14 13:17:10 | [INFO]    | Authenticated as CoronaBot#6398
2021-08-14 13:17:10 | [INFO]    | Launching shard 0 (1 out of 1)...
2021-08-14 13:17:10 | [INFO]    | Shard 0 : Connected to wss://gateway.discord.gg
2021-08-14 13:17:10 | [INFO]    | Shard 0 : Received HELLO
2021-08-14 13:17:11 | [INFO]    | Shard 0 : Received READY
2021-08-14 13:18:52 | [INFO]    | Discordia 2.9.1
2021-08-14 13:18:52 | [INFO]    | Connecting to Discord...
2021-08-14 13:18:53 | [INFO]    | Authenticated as CoronaBot#6398
2021-08-14 13:18:53 | [INFO]    | Launching shard 0 (1 out of 1)...
2021-08-14 13:18:53 | [INFO]    | Shard 0 : Connected to wss://gateway.discord.gg
2021-08-14 13:18:53 | [INFO]    | Shard 0 : Received HELLO
2021-08-14 13:18:53 | [INFO]    | Shard 0 : Received READY
2021-08-14 13:19:32 | [INFO]    | Discordia 2.9.1
2021-08-14 13:19:32 | [INFO]    | Connecting to Discord...
2021-08-14 13:19:33 | [INFO]    | Authenticated as CoronaBot#6398
2021-08-14 13:19:33 | [INFO]    | Launching shard 0 (1 out of 1)...
2021-08-14 13:19:33 | [INFO]    | Shard 0 : Connected to wss://gateway.discord.gg
2021-08-14 13:19:33 | [INFO]    | Shard 0 : Received HELLO
2021-08-14 13:19:33 | [INFO]    | Shard 0 : Received READY
2021-08-14 13:22:30 | [INFO]    | Discordia 2.9.1
2021-08-14 13:22:30 | [INFO]    | Connecting to Discord...
2021-08-14 13:22:31 | [INFO]    | Authenticated as CoronaBot#6398
2021-08-14 13:22:31 | [INFO]    | Launching shard 0 (1 out of 1)...
2021-08-14 13:22:32 | [INFO]    | Shard 0 : Connected to wss://gateway.discord.gg
2021-08-14 13:22:32 | [INFO]    | Shard 0 : Received HELLO
2021-08-14 13:22:32 | [INFO]    | Shard 0 : Received READY
2021-08-14 13:23:33 | [INFO]    | Discordia 2.9.1
2021-08-14 13:23:33 | [INFO]    | Connecting to Discord...
2021-08-14 13:23:33 | [INFO]    | Authenticated as CoronaBot#6398
2021-08-14 13:23:33 | [INFO]    | Launching shard 0 (1 out of 1)...
2021-08-14 13:23:34 | [INFO]    | Shard 0 : Connected to wss://gateway.discord.gg
2021-08-14 13:23:34 | [INFO]    | Shard 0 : Received HELLO
2021-08-14 13:23:34 | [INFO]    | Shard 0 : Received READY
2021-08-14 13:24:19 | [INFO]    | Discordia 2.9.1
2021-08-14 13:24:19 | [INFO]    | Connecting to Discord...
2021-08-14 13:24:20 | [INFO]    | Authenticated as CoronaBot#6398
2021-08-14 13:24:20 | [INFO]    | Launching shard 0 (1 out of 1)...
2021-08-14 13:24:20 | [INFO]    | Shard 0 : Connected to wss://gateway.discord.gg
2021-08-14 13:24:20 | [INFO]    | Shard 0 : Received HELLO
2021-08-14 13:24:20 | [INFO]    | Shard 0 : Received READY
2021-08-14 13:32:09 | [INFO]    | Discordia 2.9.1
2021-08-14 13:32:09 | [INFO]    | Connecting to Discord...
2021-08-14 13:32:09 | [ERROR]   | Could not authenticate, check token: [string "bundle:deps/require.lua"]:279: No such module 'secure-socket' in 'E:/Work Zone/Bot Works/CoronaBot/deps/coro-net.lua'
module 'secure-socket' not found:
	no field package.preload['secure-socket']
	no file '.\secure-socket.lua'
	no file 'E:\Work Zone\Bot Works\CoronaBot\lua\secure-socket.lua'
	no file 'E:\Work Zone\Bot Works\CoronaBot\lua\secure-socket\init.lua'
	no file '.\secure-socket.dll'
	no file 'E:\Work Zone\Bot Works\CoronaBot\secure-socket.dll'
	no file 'E:\Work Zone\Bot Works\CoronaBot\loadall.dll'
2021-08-14 13:36:01 | [INFO]    | Discordia 2.9.1
2021-08-14 13:36:01 | [INFO]    | Connecting to Discord...
2021-08-14 13:36:01 | [INFO]    | Authenticated as CoronaBot#6398
2021-08-14 13:36:01 | [INFO]    | Launching shard 0 (1 out of 1)...
2021-08-14 13:36:02 | [INFO]    | Shard 0 : Connected to wss://gateway.discord.gg
2021-08-14 13:36:02 | [INFO]    | Shard 0 : Received HELLO
2021-08-14 13:36:02 | [INFO]    | Shard 0 : Received READY
2021-08-14 13:40:48 | [INFO]    | Discordia 2.9.1
2021-08-14 13:40:48 | [INFO]    | Connecting to Discord...
2021-08-14 13:40:49 | [INFO]    | Authenticated as CoronaBot#6398
2021-08-14 13:40:49 | [INFO]    | Launching shard 0 (1 out of 1)...
2021-08-14 13:40:49 | [INFO]    | Shard 0 : Connected to wss://gateway.discord.gg
2021-08-14 13:40:49 | [INFO]    | Shard 0 : Received HELLO
2021-08-14 13:40:49 | [INFO]    | Shard 0 : Received READY
2021-08-14 13:41:26 | [INFO]    | Discordia 2.9.1
2021-08-14 13:41:26 | [INFO]    | Connecting to Discord...
2021-08-14 13:41:26 | [INFO]    | Authenticated as CoronaBot#6398
2021-08-14 13:41:26 | [INFO]    | Launching shard 0 (1 out of 1)...
2021-08-14 13:41:27 | [INFO]    | Shard 0 : Connected to wss://gateway.discord.gg
2021-08-14 13:41:27 | [INFO]    | Shard 0 : Received HELLO
2021-08-14 13:41:27 | [INFO]    | Shard 0 : Received READY
2021-08-14 13:42:14 | [INFO]    | Discordia 2.9.1
2021-08-14 13:42:14 | [INFO]    | Connecting to Discord...
2021-08-14 13:42:15 | [INFO]    | Authenticated as CoronaBot#6398
2021-08-14 13:42:15 | [INFO]    | Launching shard 0 (1 out of 1)...
2021-08-14 13:42:15 | [INFO]    | Shard 0 : Connected to wss://gateway.discord.gg
2021-08-14 13:42:15 | [INFO]    | Shard 0 : Received HELLO
2021-08-14 13:42:16 | [INFO]    | Shard 0 : Received READY
2021-08-14 13:42:35 | [INFO]    | Discordia 2.9.1
2021-08-14 13:42:35 | [INFO]    | Connecting to Discord...
2021-08-14 13:42:35 | [INFO]    | Authenticated as CoronaBot#6398
2021-08-14 13:42:35 | [INFO]    | Launching shard 0 (1 out of 1)...
2021-08-14 13:42:35 | [INFO]    | Shard 0 : Connected to wss://gateway.discord.gg
2021-08-14 13:42:35 | [INFO]    | Shard 0 : Received HELLO
2021-08-14 13:42:36 | [INFO]    | Shard 0 : Received READY
2021-08-14 13:43:08 | [INFO]    | Discordia 2.9.1
2021-08-14 13:43:08 | [INFO]    | Connecting to Discord...
2021-08-14 13:43:09 | [INFO]    | Authenticated as CoronaBot#6398
2021-08-14 13:43:09 | [INFO]    | Launching shard 0 (1 out of 1)...
2021-08-14 13:43:09 | [INFO]    | Shard 0 : Connected to wss://gateway.discord.gg
2021-08-14 13:43:09 | [INFO]    | Shard 0 : Received HELLO
2021-08-14 13:43:09 | [INFO]    | Shard 0 : Received READY
2021-08-14 13:43:31 | [INFO]    | Discordia 2.9.1
2021-08-14 13:43:31 | [INFO]    | Connecting to Discord...
2021-08-14 13:43:32 | [INFO]    | Authenticated as CoronaBot#6398
2021-08-14 13:43:32 | [INFO]    | Launching shard 0 (1 out of 1)...
2021-08-14 13:43:32 | [INFO]    | Shard 0 : Connected to wss://gateway.discord.gg
2021-08-14 13:43:32 | [INFO]    | Shard 0 : Received HELLO
2021-08-14 13:43:32 | [INFO]    | Shard 0 : Received READY
2021-08-14 13:43:54 | [INFO]    | Discordia 2.9.1
2021-08-14 13:43:54 | [INFO]    | Connecting to Discord...
2021-08-14 13:43:54 | [INFO]    | Authenticated as CoronaBot#6398
2021-08-14 13:43:54 | [INFO]    | Launching shard 0 (1 out of 1)...
2021-08-14 13:43:55 | [INFO]    | Shard 0 : Connected to wss://gateway.discord.gg
2021-08-14 13:43:55 | [INFO]    | Shard 0 : Received HELLO
2021-08-14 13:43:55 | [INFO]    | Shard 0 : Received READY
2021-08-14 13:44:01 | [ERROR]   | 400 - Bad Request : POST https://discord.com/api/v7/channels/834793299209879552/messages
2021-08-14 13:44:38 | [INFO]    | Discordia 2.9.1
2021-08-14 13:44:38 | [INFO]    | Connecting to Discord...
2021-08-14 13:44:39 | [INFO]    | Authenticated as CoronaBot#6398
2021-08-14 13:44:39 | [INFO]    | Launching shard 0 (1 out of 1)...
2021-08-14 13:44:39 | [INFO]    | Shard 0 : Connected to wss://gateway.discord.gg
2021-08-14 13:44:39 | [INFO]    | Shard 0 : Received HELLO
2021-08-14 13:44:39 | [INFO]    | Shard 0 : Received READY
2021-08-14 13:45:06 | [INFO]    | Discordia 2.9.1
2021-08-14 13:45:06 | [INFO]    | Connecting to Discord...
2021-08-14 13:45:06 | [INFO]    | Authenticated as CoronaBot#6398
2021-08-14 13:45:06 | [INFO]    | Launching shard 0 (1 out of 1)...
2021-08-14 13:45:07 | [INFO]    | Shard 0 : Connected to wss://gateway.discord.gg
2021-08-14 13:45:07 | [INFO]    | Shard 0 : Received HELLO
2021-08-14 13:45:07 | [INFO]    | Shard 0 : Received READY
2021-08-14 13:45:31 | [INFO]    | Discordia 2.9.1
2021-08-14 13:45:31 | [INFO]    | Connecting to Discord...
2021-08-14 13:45:32 | [INFO]    | Authenticated as CoronaBot#6398
2021-08-14 13:45:32 | [INFO]    | Launching shard 0 (1 out of 1)...
2021-08-14 13:45:32 | [INFO]    | Shard 0 : Connected to wss://gateway.discord.gg
2021-08-14 13:45:32 | [INFO]    | Shard 0 : Received HELLO
2021-08-14 13:45:32 | [INFO]    | Shard 0 : Received READY
2021-08-14 13:45:54 | [INFO]    | Discordia 2.9.1
2021-08-14 13:45:54 | [INFO]    | Connecting to Discord...
2021-08-14 13:45:55 | [INFO]    | Authenticated as CoronaBot#6398
2021-08-14 13:45:55 | [INFO]    | Launching shard 0 (1 out of 1)...
2021-08-14 13:45:55 | [INFO]    | Shard 0 : Connected to wss://gateway.discord.gg
2021-08-14 13:45:55 | [INFO]    | Shard 0 : Received HELLO
2021-08-14 13:45:56 | [INFO]    | Shard 0 : Received READY
2021-08-14 13:47:47 | [INFO]    | Discordia 2.9.1
2021-08-14 13:47:47 | [INFO]    | Connecting to Discord...
2021-08-14 13:47:47 | [INFO]    | Authenticated as CoronaBot#6398
2021-08-14 13:47:47 | [INFO]    | Launching shard 0 (1 out of 1)...
2021-08-14 13:47:47 | [INFO]    | Shard 0 : Connected to wss://gateway.discord.gg
2021-08-14 13:47:48 | [INFO]    | Shard 0 : Received HELLO
2021-08-14 13:47:48 | [INFO]    | Shard 0 : Received READY
2021-08-14 13:51:28 | [INFO]    | Discordia 2.9.1
2021-08-14 13:51:28 | [INFO]    | Connecting to Discord...
2021-08-14 13:51:28 | [INFO]    | Authenticated as CoronaBot#6398
2021-08-14 13:51:29 | [INFO]    | Launching shard 0 (1 out of 1)...
2021-08-14 13:51:30 | [INFO]    | Shard 0 : Connected to wss://gateway.discord.gg
2021-08-14 13:51:30 | [INFO]    | Shard 0 : Received HELLO
2021-08-14 13:51:30 | [INFO]    | Shard 0 : Received READY
2021-08-14 14:11:07 | [INFO]    | Discordia 2.9.1
2021-08-14 14:11:07 | [INFO]    | Connecting to Discord...
2021-08-14 14:11:08 | [INFO]    | Authenticated as CoronaBot#6398
2021-08-14 14:11:08 | [INFO]    | Launching shard 0 (1 out of 1)...
2021-08-14 14:11:08 | [INFO]    | Shard 0 : Connected to wss://gateway.discord.gg
2021-08-14 14:11:08 | [INFO]    | Shard 0 : Received HELLO
2021-08-14 14:11:09 | [INFO]    | Shard 0 : Received READY
2021-08-14 14:12:40 | [INFO]    | Discordia 2.9.1
2021-08-14 14:12:40 | [INFO]    | Connecting to Discord...
2021-08-14 14:12:41 | [INFO]    | Authenticated as CoronaBot#6398
2021-08-14 14:12:41 | [INFO]    | Launching shard 0 (1 out of 1)...
2021-08-14 14:12:41 | [INFO]    | Shard 0 : Connected to wss://gateway.discord.gg
2021-08-14 14:12:41 | [INFO]    | Shard 0 : Received HELLO
2021-08-14 14:12:42 | [INFO]    | Shard 0 : Received READY
2021-08-14 14:12:51 | [ERROR]   | 400 - Bad Request : POST https://discord.com/api/v7/channels/834793299209879552/messages
2021-08-14 14:15:54 | [INFO]    | Discordia 2.9.1
2021-08-14 14:15:54 | [INFO]    | Connecting to Discord...
2021-08-14 14:15:55 | [INFO]    | Authenticated as CoronaBot#6398
2021-08-14 14:15:55 | [INFO]    | Launching shard 0 (1 out of 1)...
2021-08-14 14:15:55 | [INFO]    | Shard 0 : Connected to wss://gateway.discord.gg
2021-08-14 14:15:55 | [INFO]    | Shard 0 : Received HELLO
2021-08-14 14:15:55 | [INFO]    | Shard 0 : Received READY
2021-08-14 14:16:04 | [ERROR]   | 400 - Bad Request : POST https://discord.com/api/v7/channels/834793299209879552/messages
2021-08-14 14:19:02 | [INFO]    | Discordia 2.9.1
2021-08-14 14:19:02 | [INFO]    | Connecting to Discord...
2021-08-14 14:19:03 | [INFO]    | Authenticated as CoronaBot#6398
2021-08-14 14:19:03 | [INFO]    | Launching shard 0 (1 out of 1)...
2021-08-14 14:19:03 | [INFO]    | Shard 0 : Connected to wss://gateway.discord.gg
2021-08-14 14:19:03 | [INFO]    | Shard 0 : Received HELLO
2021-08-14 14:19:03 | [INFO]    | Shard 0 : Received READY
2021-08-14 14:19:14 | [ERROR]   | 400 - Bad Request : POST https://discord.com/api/v7/channels/834793299209879552/messages
2021-08-14 14:19:49 | [INFO]    | Discordia 2.9.1
2021-08-14 14:19:49 | [INFO]    | Connecting to Discord...
2021-08-14 14:19:49 | [INFO]    | Authenticated as CoronaBot#6398
2021-08-14 14:19:49 | [INFO]    | Launching shard 0 (1 out of 1)...
2021-08-14 14:19:50 | [INFO]    | Shard 0 : Connected to wss://gateway.discord.gg
2021-08-14 14:19:50 | [INFO]    | Shard 0 : Received HELLO
2021-08-14 14:19:50 | [INFO]    | Shard 0 : Received READY
2021-08-14 14:19:58 | [ERROR]   | 400 - Bad Request : POST https://discord.com/api/v7/channels/834793299209879552/messages
2021-08-14 14:20:20 | [INFO]    | Discordia 2.9.1
2021-08-14 14:20:20 | [INFO]    | Connecting to Discord...
2021-08-14 14:20:20 | [INFO]    | Authenticated as CoronaBot#6398
2021-08-14 14:20:20 | [INFO]    | Launching shard 0 (1 out of 1)...
2021-08-14 14:20:21 | [INFO]    | Shard 0 : Connected to wss://gateway.discord.gg
2021-08-14 14:20:21 | [INFO]    | Shard 0 : Received HELLO
2021-08-14 14:20:21 | [INFO]    | Shard 0 : Received READY
2021-08-14 14:20:40 | [INFO]    | Discordia 2.9.1
2021-08-14 14:20:40 | [INFO]    | Connecting to Discord...
2021-08-14 14:20:40 | [INFO]    | Authenticated as CoronaBot#6398
2021-08-14 14:20:40 | [INFO]    | Launching shard 0 (1 out of 1)...
2021-08-14 14:20:41 | [INFO]    | Shard 0 : Connected to wss://gateway.discord.gg
2021-08-14 14:20:41 | [INFO]    | Shard 0 : Received HELLO
2021-08-14 14:20:41 | [INFO]    | Shard 0 : Received READY
2021-08-14 14:21:11 | [INFO]    | Discordia 2.9.1
2021-08-14 14:21:11 | [INFO]    | Connecting to Discord...
2021-08-14 14:21:11 | [INFO]    | Authenticated as CoronaBot#6398
2021-08-14 14:21:11 | [INFO]    | Launching shard 0 (1 out of 1)...
2021-08-14 14:21:12 | [INFO]    | Shard 0 : Connected to wss://gateway.discord.gg
2021-08-14 14:21:12 | [INFO]    | Shard 0 : Received HELLO
2021-08-14 14:21:12 | [INFO]    | Shard 0 : Received READY
2021-08-14 14:21:29 | [INFO]    | Discordia 2.9.1
2021-08-14 14:21:29 | [INFO]    | Connecting to Discord...
2021-08-14 14:21:30 | [INFO]    | Authenticated as CoronaBot#6398
2021-08-14 14:21:30 | [INFO]    | Launching shard 0 (1 out of 1)...
2021-08-14 14:21:30 | [INFO]    | Shard 0 : Connected to wss://gateway.discord.gg
2021-08-14 14:21:30 | [INFO]    | Shard 0 : Received HELLO
2021-08-14 14:21:31 | [INFO]    | Shard 0 : Received READY
2021-08-14 14:22:01 | [INFO]    | Discordia 2.9.1
2021-08-14 14:22:01 | [INFO]    | Connecting to Discord...
2021-08-14 14:22:02 | [INFO]    | Authenticated as CoronaBot#6398
2021-08-14 14:22:02 | [INFO]    | Launching shard 0 (1 out of 1)...
2021-08-14 14:22:02 | [INFO]    | Shard 0 : Connected to wss://gateway.discord.gg
2021-08-14 14:22:02 | [INFO]    | Shard 0 : Received HELLO
2021-08-14 14:22:03 | [INFO]    | Shard 0 : Received READY
2021-08-14 14:22:53 | [INFO]    | Discordia 2.9.1
2021-08-14 14:22:53 | [INFO]    | Connecting to Discord...
2021-08-14 14:22:54 | [INFO]    | Authenticated as CoronaBot#6398
2021-08-14 14:22:54 | [INFO]    | Launching shard 0 (1 out of 1)...
2021-08-14 14:22:54 | [INFO]    | Shard 0 : Connected to wss://gateway.discord.gg
2021-08-14 14:22:54 | [INFO]    | Shard 0 : Received HELLO
2021-08-14 14:22:54 | [INFO]    | Shard 0 : Received READY
2021-08-14 14:23:26 | [INFO]    | Discordia 2.9.1
2021-08-14 14:23:26 | [INFO]    | Connecting to Discord...
2021-08-14 14:23:27 | [INFO]    | Authenticated as CoronaBot#6398
2021-08-14 14:23:27 | [INFO]    | Launching shard 0 (1 out of 1)...
2021-08-14 14:23:28 | [INFO]    | Shard 0 : Connected to wss://gateway.discord.gg
2021-08-14 14:23:28 | [INFO]    | Shard 0 : Received HELLO
2021-08-14 14:23:28 | [INFO]    | Shard 0 : Received READY
2021-08-14 14:23:45 | [INFO]    | Discordia 2.9.1
2021-08-14 14:23:45 | [INFO]    | Connecting to Discord...
2021-08-14 14:23:45 | [INFO]    | Authenticated as CoronaBot#6398
2021-08-14 14:23:45 | [INFO]    | Launching shard 0 (1 out of 1)...
2021-08-14 14:23:46 | [INFO]    | Shard 0 : Connected to wss://gateway.discord.gg
2021-08-14 14:23:46 | [INFO]    | Shard 0 : Received HELLO
2021-08-14 14:23:46 | [INFO]    | Shard 0 : Received READY
2021-08-14 14:24:07 | [INFO]    | Discordia 2.9.1
2021-08-14 14:24:07 | [INFO]    | Connecting to Discord...
2021-08-14 14:24:08 | [INFO]    | Authenticated as CoronaBot#6398
2021-08-14 14:24:08 | [INFO]    | Launching shard 0 (1 out of 1)...
2021-08-14 14:24:09 | [INFO]    | Shard 0 : Connected to wss://gateway.discord.gg
2021-08-14 14:24:09 | [INFO]    | Shard 0 : Received HELLO
2021-08-14 14:24:09 | [INFO]    | Shard 0 : Received READY
2021-08-14 14:24:37 | [INFO]    | Discordia 2.9.1
2021-08-14 14:24:37 | [INFO]    | Connecting to Discord...
2021-08-14 14:24:37 | [INFO]    | Authenticated as CoronaBot#6398
2021-08-14 14:24:37 | [INFO]    | Launching shard 0 (1 out of 1)...
2021-08-14 14:24:37 | [INFO]    | Shard 0 : Connected to wss://gateway.discord.gg
2021-08-14 14:24:37 | [INFO]    | Shard 0 : Received HELLO
2021-08-14 14:24:38 | [INFO]    | Shard 0 : Received READY
2021-08-14 14:24:46 | [ERROR]   | 400 - Bad Request : POST https://discord.com/api/v7/channels/834793299209879552/messages
2021-08-14 14:25:02 | [INFO]    | Discordia 2.9.1
2021-08-14 14:25:02 | [INFO]    | Connecting to Discord...
2021-08-14 14:25:03 | [INFO]    | Authenticated as CoronaBot#6398
2021-08-14 14:25:03 | [INFO]    | Launching shard 0 (1 out of 1)...
2021-08-14 14:25:03 | [INFO]    | Shard 0 : Connected to wss://gateway.discord.gg
2021-08-14 14:25:03 | [INFO]    | Shard 0 : Received HELLO
2021-08-14 14:25:04 | [INFO]    | Shard 0 : Received READY
2021-08-14 14:25:12 | [ERROR]   | 400 - Bad Request : POST https://discord.com/api/v7/channels/834793299209879552/messages
2021-08-14 14:25:22 | [INFO]    | Discordia 2.9.1
2021-08-14 14:25:22 | [INFO]    | Connecting to Discord...
2021-08-14 14:25:22 | [INFO]    | Authenticated as CoronaBot#6398
2021-08-14 14:25:22 | [INFO]    | Launching shard 0 (1 out of 1)...
2021-08-14 14:25:23 | [INFO]    | Shard 0 : Connected to wss://gateway.discord.gg
2021-08-14 14:25:23 | [INFO]    | Shard 0 : Received HELLO
2021-08-14 14:25:23 | [INFO]    | Shard 0 : Received READY
2021-08-14 14:25:29 | [ERROR]   | 400 - Bad Request : POST https://discord.com/api/v7/channels/834793299209879552/messages
2021-08-14 14:25:48 | [INFO]    | Discordia 2.9.1
2021-08-14 14:25:48 | [INFO]    | Connecting to Discord...
2021-08-14 14:25:49 | [INFO]    | Authenticated as CoronaBot#6398
2021-08-14 14:25:49 | [INFO]    | Launching shard 0 (1 out of 1)...
2021-08-14 14:25:49 | [INFO]    | Shard 0 : Connected to wss://gateway.discord.gg
2021-08-14 14:25:49 | [INFO]    | Shard 0 : Received HELLO
2021-08-14 14:25:49 | [INFO]    | Shard 0 : Received READY
2021-08-14 14:26:03 | [INFO]    | Discordia 2.9.1
2021-08-14 14:26:03 | [INFO]    | Connecting to Discord...
2021-08-14 14:26:04 | [INFO]    | Authenticated as CoronaBot#6398
2021-08-14 14:26:04 | [INFO]    | Launching shard 0 (1 out of 1)...
2021-08-14 14:26:04 | [INFO]    | Shard 0 : Connected to wss://gateway.discord.gg
2021-08-14 14:26:04 | [INFO]    | Shard 0 : Received HELLO
2021-08-14 14:26:04 | [INFO]    | Shard 0 : Received READY
2021-08-14 14:26:10 | [ERROR]   | 400 - Bad Request : POST https://discord.com/api/v7/channels/834793299209879552/messages
2021-08-14 14:26:44 | [INFO]    | Discordia 2.9.1
2021-08-14 14:26:44 | [INFO]    | Connecting to Discord...
2021-08-14 14:26:45 | [INFO]    | Authenticated as CoronaBot#6398
2021-08-14 14:26:45 | [INFO]    | Launching shard 0 (1 out of 1)...
2021-08-14 14:26:46 | [INFO]    | Shard 0 : Connected to wss://gateway.discord.gg
2021-08-14 14:26:46 | [INFO]    | Shard 0 : Received HELLO
2021-08-14 14:26:46 | [INFO]    | Shard 0 : Received READY
2021-08-14 14:28:50 | [INFO]    | Discordia 2.9.1
2021-08-14 14:28:50 | [INFO]    | Connecting to Discord...
2021-08-14 14:28:50 | [INFO]    | Authenticated as CoronaBot#6398
2021-08-14 14:28:50 | [INFO]    | Launching shard 0 (1 out of 1)...
2021-08-14 14:28:51 | [INFO]    | Shard 0 : Connected to wss://gateway.discord.gg
2021-08-14 14:28:51 | [INFO]    | Shard 0 : Received HELLO
2021-08-14 14:28:51 | [INFO]    | Shard 0 : Received READY
2021-08-14 14:34:35 | [INFO]    | Discordia 2.9.1
2021-08-14 14:34:35 | [INFO]    | Connecting to Discord...
2021-08-14 14:34:36 | [INFO]    | Authenticated as CoronaBot#6398
2021-08-14 14:34:36 | [INFO]    | Launching shard 0 (1 out of 1)...
2021-08-14 14:34:36 | [INFO]    | Shard 0 : Connected to wss://gateway.discord.gg
2021-08-14 14:34:36 | [INFO]    | Shard 0 : Received HELLO
2021-08-14 14:34:37 | [INFO]    | Shard 0 : Received READY
2021-08-14 14:34:54 | [INFO]    | Discordia 2.9.1
2021-08-14 14:34:54 | [INFO]    | Connecting to Discord...
2021-08-14 14:34:55 | [INFO]    | Authenticated as CoronaBot#6398
2021-08-14 14:34:55 | [INFO]    | Launching shard 0 (1 out of 1)...
2021-08-14 14:34:55 | [INFO]    | Shard 0 : Connected to wss://gateway.discord.gg
2021-08-14 14:34:55 | [INFO]    | Shard 0 : Received HELLO
2021-08-14 14:34:55 | [INFO]    | Shard 0 : Received READY
2021-08-14 14:35:30 | [INFO]    | Discordia 2.9.1
2021-08-14 14:35:30 | [INFO]    | Connecting to Discord...
2021-08-14 14:35:30 | [INFO]    | Authenticated as CoronaBot#6398
2021-08-14 14:35:30 | [INFO]    | Launching shard 0 (1 out of 1)...
2021-08-14 14:35:30 | [INFO]    | Shard 0 : Connected to wss://gateway.discord.gg
2021-08-14 14:35:30 | [INFO]    | Shard 0 : Received HELLO
2021-08-14 14:35:31 | [INFO]    | Shard 0 : Received READY
2021-08-14 14:35:52 | [INFO]    | Discordia 2.9.1
2021-08-14 14:35:52 | [INFO]    | Connecting to Discord...
2021-08-14 14:35:53 | [INFO]    | Authenticated as CoronaBot#6398
2021-08-14 14:35:53 | [INFO]    | Launching shard 0 (1 out of 1)...
2021-08-14 14:35:54 | [INFO]    | Shard 0 : Connected to wss://gateway.discord.gg
2021-08-14 14:35:54 | [INFO]    | Shard 0 : Received HELLO
2021-08-14 14:35:54 | [INFO]    | Shard 0 : Received READY
2021-08-14 14:39:13 | [INFO]    | Discordia 2.9.1
2021-08-14 14:39:13 | [INFO]    | Connecting to Discord...
2021-08-14 14:39:13 | [INFO]    | Authenticated as CoronaBot#6398
2021-08-14 14:39:13 | [INFO]    | Launching shard 0 (1 out of 1)...
2021-08-14 14:39:14 | [INFO]    | Shard 0 : Connected to wss://gateway.discord.gg
2021-08-14 14:39:14 | [INFO]    | Shard 0 : Received HELLO
2021-08-14 14:39:14 | [INFO]    | Shard 0 : Received READY
2021-08-14 14:42:19 | [INFO]    | Discordia 2.9.1
2021-08-14 14:42:19 | [INFO]    | Connecting to Discord...
2021-08-14 14:42:20 | [INFO]    | Authenticated as CoronaBot#6398
2021-08-14 14:42:20 | [INFO]    | Launching shard 0 (1 out of 1)...
2021-08-14 14:42:20 | [INFO]    | Shard 0 : Connected to wss://gateway.discord.gg
2021-08-14 14:42:20 | [INFO]    | Shard 0 : Received HELLO
2021-08-14 14:42:20 | [INFO]    | Shard 0 : Received READY
2021-08-14 14:44:58 | [INFO]    | Discordia 2.9.1
2021-08-14 14:44:58 | [INFO]    | Connecting to Discord...
2021-08-14 14:44:58 | [INFO]    | Authenticated as CoronaBot#6398
2021-08-14 14:44:58 | [INFO]    | Launching shard 0 (1 out of 1)...
2021-08-14 14:44:59 | [INFO]    | Shard 0 : Connected to wss://gateway.discord.gg
2021-08-14 14:44:59 | [INFO]    | Shard 0 : Received HELLO
2021-08-14 14:44:59 | [INFO]    | Shard 0 : Received READY
2021-08-14 14:45:18 | [INFO]    | Discordia 2.9.1
2021-08-14 14:45:18 | [INFO]    | Connecting to Discord...
2021-08-14 14:45:18 | [INFO]    | Authenticated as CoronaBot#6398
2021-08-14 14:45:18 | [INFO]    | Launching shard 0 (1 out of 1)...
2021-08-14 14:45:19 | [INFO]    | Shard 0 : Connected to wss://gateway.discord.gg
2021-08-14 14:45:19 | [INFO]    | Shard 0 : Received HELLO
2021-08-14 14:45:19 | [INFO]    | Shard 0 : Received READY
2021-08-14 14:45:29 | [INFO]    | Discordia 2.9.1
2021-08-14 14:45:29 | [INFO]    | Connecting to Discord...
2021-08-14 14:45:29 | [INFO]    | Authenticated as CoronaBot#6398
2021-08-14 14:45:29 | [INFO]    | Launching shard 0 (1 out of 1)...
2021-08-14 14:45:30 | [INFO]    | Shard 0 : Connected to wss://gateway.discord.gg
2021-08-14 14:45:30 | [INFO]    | Shard 0 : Received HELLO
2021-08-14 14:45:30 | [INFO]    | Shard 0 : Received READY
2021-08-14 14:45:40 | [INFO]    | Discordia 2.9.1
2021-08-14 14:45:40 | [INFO]    | Connecting to Discord...
2021-08-14 14:45:40 | [INFO]    | Authenticated as CoronaBot#6398
2021-08-14 14:45:40 | [INFO]    | Launching shard 0 (1 out of 1)...
2021-08-14 14:45:41 | [INFO]    | Shard 0 : Connected to wss://gateway.discord.gg
2021-08-14 14:45:41 | [INFO]    | Shard 0 : Received HELLO
2021-08-14 14:45:41 | [INFO]    | Shard 0 : Received READY
2021-08-14 14:45:46 | [INFO]    | Discordia 2.9.1
2021-08-14 14:45:46 | [INFO]    | Connecting to Discord...
2021-08-14 14:45:47 | [INFO]    | Authenticated as CoronaBot#6398
2021-08-14 14:45:47 | [INFO]    | Launching shard 0 (1 out of 1)...
2021-08-14 14:45:47 | [INFO]    | Shard 0 : Connected to wss://gateway.discord.gg
2021-08-14 14:45:47 | [INFO]    | Shard 0 : Received HELLO
2021-08-14 14:45:48 | [INFO]    | Shard 0 : Received READY
2021-08-14 14:46:03 | [INFO]    | Discordia 2.9.1
2021-08-14 14:46:03 | [INFO]    | Connecting to Discord...
2021-08-14 14:46:04 | [INFO]    | Authenticated as CoronaBot#6398
2021-08-14 14:46:04 | [INFO]    | Launching shard 0 (1 out of 1)...
2021-08-14 14:46:04 | [INFO]    | Shard 0 : Connected to wss://gateway.discord.gg
2021-08-14 14:46:04 | [INFO]    | Shard 0 : Received HELLO
2021-08-14 14:46:05 | [INFO]    | Shard 0 : Received READY
2021-08-14 14:46:56 | [INFO]    | Discordia 2.9.1
2021-08-14 14:46:56 | [INFO]    | Connecting to Discord...
2021-08-14 14:46:56 | [INFO]    | Authenticated as CoronaBot#6398
2021-08-14 14:46:56 | [INFO]    | Launching shard 0 (1 out of 1)...
2021-08-14 14:46:56 | [INFO]    | Shard 0 : Connected to wss://gateway.discord.gg
2021-08-14 14:46:56 | [INFO]    | Shard 0 : Received HELLO
2021-08-14 14:46:57 | [INFO]    | Shard 0 : Received READY
2021-08-14 14:47:12 | [INFO]    | Discordia 2.9.1
2021-08-14 14:47:12 | [INFO]    | Connecting to Discord...
2021-08-14 14:47:13 | [INFO]    | Authenticated as CoronaBot#6398
2021-08-14 14:47:13 | [INFO]    | Launching shard 0 (1 out of 1)...
2021-08-14 14:47:13 | [INFO]    | Shard 0 : Connected to wss://gateway.discord.gg
2021-08-14 14:47:13 | [INFO]    | Shard 0 : Received HELLO
2021-08-14 14:47:14 | [INFO]    | Shard 0 : Received READY
2021-08-14 14:47:34 | [INFO]    | Discordia 2.9.1
2021-08-14 14:47:34 | [INFO]    | Connecting to Discord...
2021-08-14 14:47:35 | [INFO]    | Authenticated as CoronaBot#6398
2021-08-14 14:47:35 | [INFO]    | Launching shard 0 (1 out of 1)...
2021-08-14 14:47:36 | [INFO]    | Shard 0 : Connected to wss://gateway.discord.gg
2021-08-14 14:47:36 | [INFO]    | Shard 0 : Received HELLO
2021-08-14 14:47:36 | [INFO]    | Shard 0 : Received READY
2021-08-14 14:50:25 | [INFO]    | Discordia 2.9.1
2021-08-14 14:50:25 | [INFO]    | Connecting to Discord...
2021-08-14 14:50:25 | [INFO]    | Authenticated as CoronaBot#6398
2021-08-14 14:50:25 | [INFO]    | Launching shard 0 (1 out of 1)...
2021-08-14 14:50:26 | [INFO]    | Shard 0 : Connected to wss://gateway.discord.gg
2021-08-14 14:50:26 | [INFO]    | Shard 0 : Received HELLO
2021-08-14 14:50:26 | [INFO]    | Shard 0 : Received READY
2021-08-14 14:50:36 | [INFO]    | Discordia 2.9.1
2021-08-14 14:50:36 | [INFO]    | Connecting to Discord...
2021-08-14 14:50:36 | [INFO]    | Authenticated as CoronaBot#6398
2021-08-14 14:50:36 | [INFO]    | Launching shard 0 (1 out of 1)...
2021-08-14 14:50:37 | [INFO]    | Shard 0 : Connected to wss://gateway.discord.gg
2021-08-14 14:50:37 | [INFO]    | Shard 0 : Received HELLO
2021-08-14 14:50:37 | [INFO]    | Shard 0 : Received READY
2021-08-14 14:50:42 | [INFO]    | Discordia 2.9.1
2021-08-14 14:50:42 | [INFO]    | Connecting to Discord...
2021-08-14 14:50:42 | [INFO]    | Authenticated as CoronaBot#6398
2021-08-14 14:50:42 | [INFO]    | Launching shard 0 (1 out of 1)...
2021-08-14 14:50:43 | [INFO]    | Shard 0 : Connected to wss://gateway.discord.gg
2021-08-14 14:50:43 | [INFO]    | Shard 0 : Received HELLO
2021-08-14 14:50:43 | [INFO]    | Shard 0 : Received READY
2021-08-14 14:50:48 | [INFO]    | Discordia 2.9.1
2021-08-14 14:50:48 | [INFO]    | Connecting to Discord...
2021-08-14 14:50:48 | [INFO]    | Authenticated as CoronaBot#6398
2021-08-14 14:50:48 | [INFO]    | Launching shard 0 (1 out of 1)...
2021-08-14 14:50:49 | [INFO]    | Shard 0 : Connected to wss://gateway.discord.gg
2021-08-14 14:50:49 | [INFO]    | Shard 0 : Received HELLO
2021-08-14 14:50:49 | [INFO]    | Shard 0 : Received READY
2021-08-14 14:50:56 | [INFO]    | Discordia 2.9.1
2021-08-14 14:50:56 | [INFO]    | Connecting to Discord...
2021-08-14 14:50:56 | [INFO]    | Authenticated as CoronaBot#6398
2021-08-14 14:50:56 | [INFO]    | Launching shard 0 (1 out of 1)...
2021-08-14 14:50:56 | [INFO]    | Shard 0 : Connected to wss://gateway.discord.gg
2021-08-14 14:50:56 | [INFO]    | Shard 0 : Received HELLO
2021-08-14 14:50:57 | [INFO]    | Shard 0 : Received READY
2021-08-14 15:13:03 | [INFO]    | Discordia 2.9.1
2021-08-14 15:13:03 | [INFO]    | Connecting to Discord...
2021-08-14 15:13:03 | [INFO]    | Authenticated as CoronaBot#6398
2021-08-14 15:13:04 | [INFO]    | Launching shard 0 (1 out of 1)...
2021-08-14 15:13:05 | [INFO]    | Shard 0 : Connected to wss://gateway.discord.gg
2021-08-14 15:13:05 | [INFO]    | Shard 0 : Received HELLO
2021-08-14 15:13:05 | [INFO]    | Shard 0 : Received READY
2021-08-14 15:15:12 | [INFO]    | Discordia 2.9.1
2021-08-14 15:15:12 | [INFO]    | Connecting to Discord...
2021-08-14 15:15:13 | [INFO]    | Authenticated as CoronaBot#6398
2021-08-14 15:15:13 | [INFO]    | Launching shard 0 (1 out of 1)...
2021-08-14 15:15:13 | [INFO]    | Shard 0 : Connected to wss://gateway.discord.gg
2021-08-14 15:15:13 | [INFO]    | Shard 0 : Received HELLO
2021-08-14 15:15:13 | [INFO]    | Shard 0 : Received READY
2021-08-14 15:15:50 | [INFO]    | Discordia 2.9.1
2021-08-14 15:15:50 | [INFO]    | Connecting to Discord...
2021-08-14 15:15:51 | [INFO]    | Authenticated as CoronaBot#6398
2021-08-14 15:15:51 | [INFO]    | Launching shard 0 (1 out of 1)...
2021-08-14 15:15:51 | [INFO]    | Shard 0 : Connected to wss://gateway.discord.gg
2021-08-14 15:15:51 | [INFO]    | Shard 0 : Received HELLO
2021-08-14 15:15:52 | [INFO]    | Shard 0 : Received READY
2021-08-14 15:17:28 | [INFO]    | Discordia 2.9.1
2021-08-14 15:17:28 | [INFO]    | Connecting to Discord...
2021-08-14 15:17:29 | [INFO]    | Authenticated as CoronaBot#6398
2021-08-14 15:17:29 | [INFO]    | Launching shard 0 (1 out of 1)...
2021-08-14 15:17:29 | [INFO]    | Shard 0 : Connected to wss://gateway.discord.gg
2021-08-14 15:17:29 | [INFO]    | Shard 0 : Received HELLO
2021-08-14 15:17:29 | [INFO]    | Shard 0 : Received READY
2021-08-14 15:17:55 | [INFO]    | Discordia 2.9.1
2021-08-14 15:17:55 | [INFO]    | Connecting to Discord...
2021-08-14 15:17:56 | [INFO]    | Authenticated as CoronaBot#6398
2021-08-14 15:17:56 | [INFO]    | Launching shard 0 (1 out of 1)...
2021-08-14 15:17:56 | [INFO]    | Shard 0 : Connected to wss://gateway.discord.gg
2021-08-14 15:17:56 | [INFO]    | Shard 0 : Received HELLO
2021-08-14 15:17:56 | [INFO]    | Shard 0 : Received READY
2021-08-14 15:18:32 | [INFO]    | Discordia 2.9.1
2021-08-14 15:18:32 | [INFO]    | Connecting to Discord...
2021-08-14 15:18:32 | [INFO]    | Authenticated as CoronaBot#6398
2021-08-14 15:18:32 | [INFO]    | Launching shard 0 (1 out of 1)...
2021-08-14 15:18:33 | [INFO]    | Shard 0 : Connected to wss://gateway.discord.gg
2021-08-14 15:18:33 | [INFO]    | Shard 0 : Received HELLO
2021-08-14 15:18:33 | [INFO]    | Shard 0 : Received READY
2021-08-14 15:19:40 | [INFO]    | Discordia 2.9.1
2021-08-14 15:19:40 | [INFO]    | Connecting to Discord...
2021-08-14 15:19:40 | [INFO]    | Authenticated as CoronaBot#6398
2021-08-14 15:19:40 | [INFO]    | Launching shard 0 (1 out of 1)...
2021-08-14 15:19:41 | [INFO]    | Shard 0 : Connected to wss://gateway.discord.gg
2021-08-14 15:19:41 | [INFO]    | Shard 0 : Received HELLO
2021-08-14 15:19:41 | [INFO]    | Shard 0 : Received READY
2021-08-14 15:22:08 | [INFO]    | Discordia 2.9.1
2021-08-14 15:22:08 | [INFO]    | Connecting to Discord...
2021-08-14 15:22:08 | [INFO]    | Authenticated as CoronaBot#6398
2021-08-14 15:22:08 | [INFO]    | Launching shard 0 (1 out of 1)...
2021-08-14 15:22:09 | [INFO]    | Shard 0 : Connected to wss://gateway.discord.gg
2021-08-14 15:22:09 | [INFO]    | Shard 0 : Received HELLO
2021-08-14 15:22:09 | [INFO]    | Shard 0 : Received READY
2021-08-14 15:29:56 | [INFO]    | Discordia 2.9.1
2021-08-14 15:29:56 | [INFO]    | Connecting to Discord...
2021-08-14 15:29:57 | [INFO]    | Authenticated as CoronaBot#6398
2021-08-14 15:29:57 | [INFO]    | Launching shard 0 (1 out of 1)...
2021-08-14 15:29:57 | [INFO]    | Shard 0 : Connected to wss://gateway.discord.gg
2021-08-14 15:29:57 | [INFO]    | Shard 0 : Received HELLO
2021-08-14 15:29:58 | [INFO]    | Shard 0 : Received READY
2021-08-14 15:33:22 | [INFO]    | Discordia 2.9.1
2021-08-14 15:33:22 | [INFO]    | Connecting to Discord...
2021-08-14 15:33:23 | [INFO]    | Authenticated as CoronaBot#6398
2021-08-14 15:33:23 | [INFO]    | Launching shard 0 (1 out of 1)...
2021-08-14 15:33:23 | [INFO]    | Shard 0 : Connected to wss://gateway.discord.gg
2021-08-14 15:33:23 | [INFO]    | Shard 0 : Received HELLO
2021-08-14 15:33:23 | [INFO]    | Shard 0 : Received READY
2021-08-14 15:36:08 | [INFO]    | Discordia 2.9.1
2021-08-14 15:36:08 | [INFO]    | Connecting to Discord...
2021-08-14 15:36:09 | [INFO]    | Authenticated as CoronaBot#6398
2021-08-14 15:36:09 | [INFO]    | Launching shard 0 (1 out of 1)...
2021-08-14 15:36:09 | [INFO]    | Shard 0 : Connected to wss://gateway.discord.gg
2021-08-14 15:36:09 | [INFO]    | Shard 0 : Received HELLO
2021-08-14 15:36:10 | [INFO]    | Shard 0 : Received READY
2021-08-14 15:37:47 | [INFO]    | Discordia 2.9.1
2021-08-14 15:37:47 | [INFO]    | Connecting to Discord...
2021-08-14 15:37:47 | [INFO]    | Authenticated as CoronaBot#6398
2021-08-14 15:37:47 | [INFO]    | Launching shard 0 (1 out of 1)...
2021-08-14 15:37:47 | [INFO]    | Shard 0 : Connected to wss://gateway.discord.gg
2021-08-14 15:37:47 | [INFO]    | Shard 0 : Received HELLO
2021-08-14 15:37:48 | [INFO]    | Shard 0 : Received READY
2021-08-14 15:38:11 | [INFO]    | Discordia 2.9.1
2021-08-14 15:38:11 | [INFO]    | Connecting to Discord...
2021-08-14 15:38:11 | [INFO]    | Authenticated as CoronaBot#6398
2021-08-14 15:38:11 | [INFO]    | Launching shard 0 (1 out of 1)...
2021-08-14 15:38:12 | [INFO]    | Shard 0 : Connected to wss://gateway.discord.gg
2021-08-14 15:38:12 | [INFO]    | Shard 0 : Received HELLO
2021-08-14 15:38:13 | [INFO]    | Shard 0 : Received READY
2021-08-14 15:38:18 | [ERROR]   | 400 - Bad Request : POST https://discord.com/api/v7/channels/834793299209879552/messages
2021-08-14 15:38:37 | [INFO]    | Discordia 2.9.1
2021-08-14 15:38:37 | [INFO]    | Connecting to Discord...
2021-08-14 15:38:37 | [INFO]    | Authenticated as CoronaBot#6398
2021-08-14 15:38:37 | [INFO]    | Launching shard 0 (1 out of 1)...
2021-08-14 15:38:38 | [INFO]    | Shard 0 : Connected to wss://gateway.discord.gg
2021-08-14 15:38:38 | [INFO]    | Shard 0 : Received HELLO
2021-08-14 15:38:38 | [INFO]    | Shard 0 : Received READY
2021-08-14 15:38:50 | [ERROR]   | 400 - Bad Request : POST https://discord.com/api/v7/channels/834793299209879552/messages
2021-08-14 15:41:47 | [INFO]    | Discordia 2.9.1
2021-08-14 15:41:47 | [INFO]    | Connecting to Discord...
2021-08-14 15:41:48 | [INFO]    | Authenticated as CoronaBot#6398
2021-08-14 15:41:48 | [INFO]    | Launching shard 0 (1 out of 1)...
2021-08-14 15:41:48 | [INFO]    | Shard 0 : Connected to wss://gateway.discord.gg
2021-08-14 15:41:48 | [INFO]    | Shard 0 : Received HELLO
2021-08-14 15:41:49 | [INFO]    | Shard 0 : Received READY
2021-08-14 15:42:09 | [INFO]    | Discordia 2.9.1
2021-08-14 15:42:09 | [INFO]    | Connecting to Discord...
2021-08-14 15:42:10 | [INFO]    | Authenticated as CoronaBot#6398
2021-08-14 15:42:10 | [INFO]    | Launching shard 0 (1 out of 1)...
2021-08-14 15:42:10 | [INFO]    | Shard 0 : Connected to wss://gateway.discord.gg
2021-08-14 15:42:10 | [INFO]    | Shard 0 : Received HELLO
2021-08-14 15:42:10 | [INFO]    | Shard 0 : Received READY
2021-08-14 15:45:25 | [INFO]    | Discordia 2.9.1
2021-08-14 15:45:25 | [INFO]    | Connecting to Discord...
2021-08-14 15:45:25 | [INFO]    | Authenticated as CoronaBot#6398
2021-08-14 15:45:25 | [INFO]    | Launching shard 0 (1 out of 1)...
2021-08-14 15:45:26 | [INFO]    | Shard 0 : Connected to wss://gateway.discord.gg
2021-08-14 15:45:26 | [INFO]    | Shard 0 : Received HELLO
2021-08-14 15:45:26 | [INFO]    | Shard 0 : Received READY
2021-08-14 15:46:44 | [INFO]    | Discordia 2.9.1
2021-08-14 15:46:44 | [INFO]    | Connecting to Discord...
2021-08-14 15:46:44 | [INFO]    | Authenticated as CoronaBot#6398
2021-08-14 15:46:44 | [INFO]    | Launching shard 0 (1 out of 1)...
2021-08-14 15:46:44 | [INFO]    | Shard 0 : Connected to wss://gateway.discord.gg
2021-08-14 15:46:44 | [INFO]    | Shard 0 : Received HELLO
2021-08-14 15:46:45 | [INFO]    | Shard 0 : Received READY
2021-08-14 15:46:52 | [ERROR]   | 400 - Bad Request : POST https://discord.com/api/v7/channels/834793299209879552/messages
2021-08-14 15:47:29 | [INFO]    | Discordia 2.9.1
2021-08-14 15:47:29 | [INFO]    | Connecting to Discord...
2021-08-14 15:47:30 | [INFO]    | Authenticated as CoronaBot#6398
2021-08-14 15:47:30 | [INFO]    | Launching shard 0 (1 out of 1)...
2021-08-14 15:47:30 | [INFO]    | Shard 0 : Connected to wss://gateway.discord.gg
2021-08-14 15:47:30 | [INFO]    | Shard 0 : Received HELLO
2021-08-14 15:47:31 | [INFO]    | Shard 0 : Received READY
2021-08-14 15:47:42 | [INFO]    | Discordia 2.9.1
2021-08-14 15:47:42 | [INFO]    | Connecting to Discord...
2021-08-14 15:47:42 | [INFO]    | Authenticated as CoronaBot#6398
2021-08-14 15:47:42 | [INFO]    | Launching shard 0 (1 out of 1)...
2021-08-14 15:47:43 | [INFO]    | Shard 0 : Connected to wss://gateway.discord.gg
2021-08-14 15:47:43 | [INFO]    | Shard 0 : Received HELLO
2021-08-14 15:47:43 | [INFO]    | Shard 0 : Received READY
2021-08-14 15:47:45 | [ERROR]   | 400 - Bad Request : POST https://discord.com/api/v7/channels/834793299209879552/messages
2021-08-14 15:55:42 | [INFO]    | Discordia 2.9.1
2021-08-14 15:55:42 | [INFO]    | Connecting to Discord...
2021-08-14 15:55:42 | [INFO]    | Authenticated as CoronaBot#6398
2021-08-14 15:55:42 | [INFO]    | Launching shard 0 (1 out of 1)...
2021-08-14 15:55:43 | [INFO]    | Shard 0 : Connected to wss://gateway.discord.gg
2021-08-14 15:55:43 | [INFO]    | Shard 0 : Received HELLO
2021-08-14 15:55:43 | [INFO]    | Shard 0 : Received READY
2021-08-14 15:58:03 | [INFO]    | Discordia 2.9.1
2021-08-14 15:58:03 | [INFO]    | Connecting to Discord...
2021-08-14 15:58:04 | [INFO]    | Authenticated as CoronaBot#6398
2021-08-14 15:58:04 | [INFO]    | Launching shard 0 (1 out of 1)...
2021-08-14 15:58:04 | [INFO]    | Shard 0 : Connected to wss://gateway.discord.gg
2021-08-14 15:58:04 | [INFO]    | Shard 0 : Received HELLO
2021-08-14 15:58:04 | [INFO]    | Shard 0 : Received READY
2021-08-14 21:14:32 | [INFO]    | Discordia 2.9.1
2021-08-14 21:14:32 | [INFO]    | Connecting to Discord...
2021-08-14 21:14:33 | [INFO]    | Authenticated as CoronaBot#6398
2021-08-14 21:14:34 | [INFO]    | Launching shard 0 (1 out of 1)...
2021-08-14 21:14:34 | [INFO]    | Shard 0 : Connected to wss://gateway.discord.gg
2021-08-14 21:14:34 | [INFO]    | Shard 0 : Received HELLO
2021-08-14 21:14:35 | [INFO]    | Shard 0 : Received READY
2021-08-14 21:19:54 | [INFO]    | Discordia 2.9.1
2021-08-14 21:19:54 | [INFO]    | Connecting to Discord...
2021-08-14 21:19:54 | [INFO]    | Authenticated as CoronaBot#6398
2021-08-14 21:19:54 | [INFO]    | Launching shard 0 (1 out of 1)...
2021-08-14 21:19:55 | [INFO]    | Shard 0 : Connected to wss://gateway.discord.gg
2021-08-14 21:19:55 | [INFO]    | Shard 0 : Received HELLO
2021-08-14 21:19:55 | [INFO]    | Shard 0 : Received READY
2021-08-14 21:47:33 | [INFO]    | Discordia 2.9.1
2021-08-14 21:47:33 | [INFO]    | Connecting to Discord...
2021-08-14 21:47:34 | [INFO]    | Authenticated as CoronaBot#6398
2021-08-14 21:47:34 | [INFO]    | Launching shard 0 (1 out of 1)...
2021-08-14 21:47:34 | [INFO]    | Shard 0 : Connected to wss://gateway.discord.gg
2021-08-14 21:47:34 | [INFO]    | Shard 0 : Received HELLO
2021-08-14 21:47:34 | [INFO]    | Shard 0 : Received READY
2021-08-14 21:50:32 | [INFO]    | Discordia 2.9.1
2021-08-14 21:50:32 | [INFO]    | Connecting to Discord...
2021-08-14 21:50:33 | [INFO]    | Authenticated as CoronaBot#6398
2021-08-14 21:50:33 | [INFO]    | Launching shard 0 (1 out of 1)...
2021-08-14 21:50:34 | [INFO]    | Shard 0 : Connected to wss://gateway.discord.gg
2021-08-14 21:50:34 | [INFO]    | Shard 0 : Received HELLO
2021-08-14 21:50:34 | [INFO]    | Shard 0 : Received READY
2021-08-14 21:50:56 | [INFO]    | Discordia 2.9.1
2021-08-14 21:50:56 | [INFO]    | Connecting to Discord...
2021-08-14 21:50:57 | [INFO]    | Authenticated as CoronaBot#6398
2021-08-14 21:50:57 | [INFO]    | Launching shard 0 (1 out of 1)...
2021-08-14 21:50:57 | [INFO]    | Shard 0 : Connected to wss://gateway.discord.gg
2021-08-14 21:50:57 | [INFO]    | Shard 0 : Received HELLO
2021-08-14 21:50:58 | [INFO]    | Shard 0 : Received READY
2021-08-14 21:53:45 | [INFO]    | Discordia 2.9.1
2021-08-14 21:53:45 | [INFO]    | Connecting to Discord...
2021-08-14 21:53:45 | [INFO]    | Authenticated as CoronaBot#6398
2021-08-14 21:53:45 | [INFO]    | Launching shard 0 (1 out of 1)...
2021-08-14 21:53:46 | [INFO]    | Shard 0 : Connected to wss://gateway.discord.gg
2021-08-14 21:53:46 | [INFO]    | Shard 0 : Received HELLO
2021-08-14 21:53:47 | [INFO]    | Shard 0 : Received READY
2021-08-14 21:55:30 | [INFO]    | Discordia 2.9.1
2021-08-14 21:55:30 | [INFO]    | Connecting to Discord...
2021-08-14 21:55:30 | [INFO]    | Authenticated as CoronaBot#6398
2021-08-14 21:55:30 | [INFO]    | Launching shard 0 (1 out of 1)...
2021-08-14 21:55:31 | [INFO]    | Shard 0 : Connected to wss://gateway.discord.gg
2021-08-14 21:55:31 | [INFO]    | Shard 0 : Received HELLO
2021-08-14 21:55:31 | [INFO]    | Shard 0 : Received READY
2021-08-14 21:56:58 | [INFO]    | Discordia 2.9.1
2021-08-14 21:56:58 | [INFO]    | Connecting to Discord...
2021-08-14 21:56:58 | [INFO]    | Authenticated as CoronaBot#6398
2021-08-14 21:56:58 | [INFO]    | Launching shard 0 (1 out of 1)...
2021-08-14 21:56:59 | [INFO]    | Shard 0 : Connected to wss://gateway.discord.gg
2021-08-14 21:56:59 | [INFO]    | Shard 0 : Received HELLO
2021-08-14 21:56:59 | [INFO]    | Shard 0 : Received READY
2021-08-14 21:57:34 | [INFO]    | Discordia 2.9.1
2021-08-14 21:57:34 | [INFO]    | Connecting to Discord...
2021-08-14 21:57:34 | [INFO]    | Authenticated as CoronaBot#6398
2021-08-14 21:57:34 | [INFO]    | Launching shard 0 (1 out of 1)...
2021-08-14 21:57:35 | [INFO]    | Shard 0 : Connected to wss://gateway.discord.gg
2021-08-14 21:57:35 | [INFO]    | Shard 0 : Received HELLO
2021-08-14 21:57:35 | [INFO]    | Shard 0 : Received READY
2021-08-14 21:58:00 | [INFO]    | Discordia 2.9.1
2021-08-14 21:58:00 | [INFO]    | Connecting to Discord...
2021-08-14 21:58:01 | [INFO]    | Authenticated as CoronaBot#6398
2021-08-14 21:58:01 | [INFO]    | Launching shard 0 (1 out of 1)...
2021-08-14 21:58:01 | [INFO]    | Shard 0 : Connected to wss://gateway.discord.gg
2021-08-14 21:58:01 | [INFO]    | Shard 0 : Received HELLO
2021-08-14 21:58:02 | [INFO]    | Shard 0 : Received READY
2021-08-14 21:58:46 | [INFO]    | Discordia 2.9.1
2021-08-14 21:58:46 | [INFO]    | Connecting to Discord...
2021-08-14 21:58:46 | [INFO]    | Authenticated as CoronaBot#6398
2021-08-14 21:58:46 | [INFO]    | Launching shard 0 (1 out of 1)...
2021-08-14 21:58:47 | [INFO]    | Shard 0 : Connected to wss://gateway.discord.gg
2021-08-14 21:58:47 | [INFO]    | Shard 0 : Received HELLO
2021-08-14 21:58:47 | [INFO]    | Shard 0 : Received READY
2021-08-14 21:59:28 | [INFO]    | Discordia 2.9.1
2021-08-14 21:59:28 | [INFO]    | Connecting to Discord...
2021-08-14 21:59:28 | [INFO]    | Authenticated as CoronaBot#6398
2021-08-14 21:59:28 | [INFO]    | Launching shard 0 (1 out of 1)...
2021-08-14 21:59:29 | [INFO]    | Shard 0 : Connected to wss://gateway.discord.gg
2021-08-14 21:59:29 | [INFO]    | Shard 0 : Received HELLO
2021-08-14 21:59:29 | [INFO]    | Shard 0 : Received READY
2021-08-14 21:59:39 | [INFO]    | Discordia 2.9.1
2021-08-14 21:59:39 | [INFO]    | Connecting to Discord...
2021-08-14 21:59:39 | [INFO]    | Authenticated as CoronaBot#6398
2021-08-14 21:59:39 | [INFO]    | Launching shard 0 (1 out of 1)...
2021-08-14 21:59:40 | [INFO]    | Shard 0 : Connected to wss://gateway.discord.gg
2021-08-14 21:59:40 | [INFO]    | Shard 0 : Received HELLO
2021-08-14 21:59:40 | [INFO]    | Shard 0 : Received READY
2021-08-14 21:59:52 | [INFO]    | Discordia 2.9.1
2021-08-14 21:59:52 | [INFO]    | Connecting to Discord...
2021-08-14 21:59:53 | [INFO]    | Authenticated as CoronaBot#6398
2021-08-14 21:59:53 | [INFO]    | Launching shard 0 (1 out of 1)...
2021-08-14 21:59:53 | [INFO]    | Shard 0 : Connected to wss://gateway.discord.gg
2021-08-14 21:59:53 | [INFO]    | Shard 0 : Received HELLO
2021-08-14 21:59:53 | [INFO]    | Shard 0 : Received READY
2021-08-14 22:07:49 | [INFO]    | Discordia 2.9.1
2021-08-14 22:07:49 | [INFO]    | Connecting to Discord...
2021-08-14 22:07:50 | [INFO]    | Authenticated as CoronaBot#6398
2021-08-14 22:07:50 | [INFO]    | Launching shard 0 (1 out of 1)...
2021-08-14 22:07:50 | [INFO]    | Shard 0 : Connected to wss://gateway.discord.gg
2021-08-14 22:07:50 | [INFO]    | Shard 0 : Received HELLO
2021-08-14 22:07:51 | [INFO]    | Shard 0 : Received READY
2021-08-14 22:08:53 | [INFO]    | Discordia 2.9.1
2021-08-14 22:08:53 | [INFO]    | Connecting to Discord...
2021-08-14 22:08:53 | [INFO]    | Authenticated as CoronaBot#6398
2021-08-14 22:08:53 | [INFO]    | Launching shard 0 (1 out of 1)...
2021-08-14 22:08:54 | [INFO]    | Shard 0 : Connected to wss://gateway.discord.gg
2021-08-14 22:08:54 | [INFO]    | Shard 0 : Received HELLO
2021-08-14 22:08:54 | [INFO]    | Shard 0 : Received READY
2021-08-14 22:09:19 | [INFO]    | Discordia 2.9.1
2021-08-14 22:09:19 | [INFO]    | Connecting to Discord...
2021-08-14 22:09:20 | [INFO]    | Authenticated as CoronaBot#6398
2021-08-14 22:09:20 | [INFO]    | Launching shard 0 (1 out of 1)...
2021-08-14 22:09:20 | [INFO]    | Shard 0 : Connected to wss://gateway.discord.gg
2021-08-14 22:09:20 | [INFO]    | Shard 0 : Received HELLO
2021-08-14 22:09:20 | [INFO]    | Shard 0 : Received READY
2021-08-14 22:09:57 | [INFO]    | Discordia 2.9.1
2021-08-14 22:09:57 | [INFO]    | Connecting to Discord...
2021-08-14 22:09:57 | [INFO]    | Authenticated as CoronaBot#6398
2021-08-14 22:09:57 | [INFO]    | Launching shard 0 (1 out of 1)...
2021-08-14 22:09:58 | [INFO]    | Shard 0 : Connected to wss://gateway.discord.gg
2021-08-14 22:09:58 | [INFO]    | Shard 0 : Received HELLO
2021-08-14 22:09:58 | [INFO]    | Shard 0 : Received READY
2021-08-14 22:10:41 | [INFO]    | Discordia 2.9.1
2021-08-14 22:10:41 | [INFO]    | Connecting to Discord...
2021-08-14 22:10:41 | [INFO]    | Authenticated as CoronaBot#6398
2021-08-14 22:10:41 | [INFO]    | Launching shard 0 (1 out of 1)...
2021-08-14 22:10:42 | [INFO]    | Shard 0 : Connected to wss://gateway.discord.gg
2021-08-14 22:10:42 | [INFO]    | Shard 0 : Received HELLO
2021-08-14 22:10:42 | [INFO]    | Shard 0 : Received READY
2021-08-14 22:11:10 | [INFO]    | Discordia 2.9.1
2021-08-14 22:11:10 | [INFO]    | Connecting to Discord...
2021-08-14 22:11:11 | [INFO]    | Authenticated as CoronaBot#6398
2021-08-14 22:11:11 | [INFO]    | Launching shard 0 (1 out of 1)...
2021-08-14 22:11:11 | [INFO]    | Shard 0 : Connected to wss://gateway.discord.gg
2021-08-14 22:11:11 | [INFO]    | Shard 0 : Received HELLO
2021-08-14 22:11:11 | [INFO]    | Shard 0 : Received READY
2021-08-14 22:11:40 | [INFO]    | Discordia 2.9.1
2021-08-14 22:11:40 | [INFO]    | Connecting to Discord...
2021-08-14 22:11:41 | [INFO]    | Authenticated as CoronaBot#6398
2021-08-14 22:11:41 | [INFO]    | Launching shard 0 (1 out of 1)...
2021-08-14 22:11:41 | [INFO]    | Shard 0 : Connected to wss://gateway.discord.gg
2021-08-14 22:11:41 | [INFO]    | Shard 0 : Received HELLO
2021-08-14 22:11:42 | [INFO]    | Shard 0 : Received READY
2021-08-14 22:12:05 | [INFO]    | Discordia 2.9.1
2021-08-14 22:12:05 | [INFO]    | Connecting to Discord...
2021-08-14 22:12:05 | [INFO]    | Authenticated as CoronaBot#6398
2021-08-14 22:12:05 | [INFO]    | Launching shard 0 (1 out of 1)...
2021-08-14 22:12:05 | [INFO]    | Shard 0 : Connected to wss://gateway.discord.gg
2021-08-14 22:12:05 | [INFO]    | Shard 0 : Received HELLO
2021-08-14 22:12:06 | [INFO]    | Shard 0 : Received READY
2021-08-14 22:14:11 | [INFO]    | Discordia 2.9.1
2021-08-14 22:14:11 | [INFO]    | Connecting to Discord...
2021-08-14 22:14:12 | [INFO]    | Authenticated as CoronaBot#6398
2021-08-14 22:14:12 | [INFO]    | Launching shard 0 (1 out of 1)...
2021-08-14 22:14:12 | [INFO]    | Shard 0 : Connected to wss://gateway.discord.gg
2021-08-14 22:14:12 | [INFO]    | Shard 0 : Received HELLO
2021-08-14 22:14:12 | [INFO]    | Shard 0 : Received READY
2021-08-14 22:14:48 | [INFO]    | Discordia 2.9.1
2021-08-14 22:14:48 | [INFO]    | Connecting to Discord...
2021-08-14 22:14:48 | [INFO]    | Authenticated as CoronaBot#6398
2021-08-14 22:14:49 | [INFO]    | Launching shard 0 (1 out of 1)...
2021-08-14 22:14:49 | [INFO]    | Shard 0 : Connected to wss://gateway.discord.gg
2021-08-14 22:14:49 | [INFO]    | Shard 0 : Received HELLO
2021-08-14 22:14:50 | [INFO]    | Shard 0 : Received READY
2021-08-14 22:20:00 | [INFO]    | Discordia 2.9.1
2021-08-14 22:20:00 | [INFO]    | Connecting to Discord...
2021-08-14 22:20:01 | [INFO]    | Authenticated as CoronaBot#6398
2021-08-14 22:20:01 | [INFO]    | Launching shard 0 (1 out of 1)...
2021-08-14 22:20:01 | [INFO]    | Shard 0 : Connected to wss://gateway.discord.gg
2021-08-14 22:20:01 | [INFO]    | Shard 0 : Received HELLO
2021-08-14 22:20:02 | [INFO]    | Shard 0 : Received READY
2021-08-14 22:20:53 | [INFO]    | Discordia 2.9.1
2021-08-14 22:20:53 | [INFO]    | Connecting to Discord...
2021-08-14 22:20:54 | [INFO]    | Authenticated as CoronaBot#6398
2021-08-14 22:20:54 | [INFO]    | Launching shard 0 (1 out of 1)...
2021-08-14 22:20:54 | [INFO]    | Shard 0 : Connected to wss://gateway.discord.gg
2021-08-14 22:20:54 | [INFO]    | Shard 0 : Received HELLO
2021-08-14 22:20:55 | [INFO]    | Shard 0 : Received READY
2021-08-14 22:23:11 | [INFO]    | Discordia 2.9.1
2021-08-14 22:23:11 | [INFO]    | Connecting to Discord...
2021-08-14 22:23:11 | [INFO]    | Authenticated as CoronaBot#6398
2021-08-14 22:23:11 | [INFO]    | Launching shard 0 (1 out of 1)...
2021-08-14 22:23:12 | [INFO]    | Shard 0 : Connected to wss://gateway.discord.gg
2021-08-14 22:23:12 | [INFO]    | Shard 0 : Received HELLO
2021-08-14 22:23:12 | [INFO]    | Shard 0 : Received READY
2021-08-14 22:42:51 | [INFO]    | Discordia 2.9.1
2021-08-14 22:42:51 | [INFO]    | Connecting to Discord...
2021-08-14 22:42:51 | [INFO]    | Authenticated as CoronaBot#6398
2021-08-14 22:42:51 | [INFO]    | Launching shard 0 (1 out of 1)...
2021-08-14 22:42:52 | [INFO]    | Shard 0 : Connected to wss://gateway.discord.gg
2021-08-14 22:42:52 | [INFO]    | Shard 0 : Received HELLO
2021-08-14 22:42:53 | [INFO]    | Shard 0 : Received READY
2021-08-14 22:43:26 | [INFO]    | Discordia 2.9.1
2021-08-14 22:43:26 | [INFO]    | Connecting to Discord...
2021-08-14 22:43:27 | [INFO]    | Authenticated as CoronaBot#6398
2021-08-14 22:43:27 | [INFO]    | Launching shard 0 (1 out of 1)...
2021-08-14 22:43:27 | [INFO]    | Shard 0 : Connected to wss://gateway.discord.gg
2021-08-14 22:43:27 | [INFO]    | Shard 0 : Received HELLO
2021-08-14 22:43:27 | [INFO]    | Shard 0 : Received READY
2021-08-14 22:45:41 | [INFO]    | Discordia 2.9.1
2021-08-14 22:45:41 | [INFO]    | Connecting to Discord...
2021-08-14 22:45:42 | [INFO]    | Authenticated as CoronaBot#6398
2021-08-14 22:45:42 | [INFO]    | Launching shard 0 (1 out of 1)...
2021-08-14 22:45:42 | [INFO]    | Shard 0 : Connected to wss://gateway.discord.gg
2021-08-14 22:45:42 | [INFO]    | Shard 0 : Received HELLO
2021-08-14 22:45:42 | [INFO]    | Shard 0 : Received READY
2021-08-14 22:47:30 | [INFO]    | Discordia 2.9.1
2021-08-14 22:47:30 | [INFO]    | Connecting to Discord...
2021-08-14 22:47:30 | [INFO]    | Authenticated as CoronaBot#6398
2021-08-14 22:47:30 | [INFO]    | Launching shard 0 (1 out of 1)...
2021-08-14 22:47:31 | [INFO]    | Shard 0 : Connected to wss://gateway.discord.gg
2021-08-14 22:47:31 | [INFO]    | Shard 0 : Received HELLO
2021-08-14 22:47:31 | [INFO]    | Shard 0 : Received READY
2021-08-14 22:48:02 | [INFO]    | Discordia 2.9.1
2021-08-14 22:48:02 | [INFO]    | Connecting to Discord...
2021-08-14 22:48:04 | [INFO]    | Authenticated as CoronaBot#6398
2021-08-14 22:48:04 | [INFO]    | Launching shard 0 (1 out of 1)...
2021-08-14 22:48:05 | [INFO]    | Shard 0 : Connected to wss://gateway.discord.gg
2021-08-14 22:48:05 | [INFO]    | Shard 0 : Received HELLO
2021-08-14 22:48:05 | [INFO]    | Shard 0 : Received READY
2021-08-14 22:49:38 | [INFO]    | Discordia 2.9.1
2021-08-14 22:49:38 | [INFO]    | Connecting to Discord...
2021-08-14 22:49:38 | [INFO]    | Authenticated as CoronaBot#6398
2021-08-14 22:49:38 | [INFO]    | Launching shard 0 (1 out of 1)...
2021-08-14 22:49:39 | [INFO]    | Shard 0 : Connected to wss://gateway.discord.gg
2021-08-14 22:49:39 | [INFO]    | Shard 0 : Received HELLO
2021-08-14 22:49:39 | [INFO]    | Shard 0 : Received READY
2021-08-14 22:49:43 | [INFO]    | Discordia 2.9.1
2021-08-14 22:49:43 | [INFO]    | Connecting to Discord...
2021-08-14 22:49:44 | [INFO]    | Authenticated as CoronaBot#6398
2021-08-14 22:49:44 | [INFO]    | Launching shard 0 (1 out of 1)...
2021-08-14 22:49:44 | [INFO]    | Shard 0 : Connected to wss://gateway.discord.gg
2021-08-14 22:49:44 | [INFO]    | Shard 0 : Received HELLO
2021-08-14 22:49:45 | [INFO]    | Shard 0 : Received READY
2021-08-14 22:50:46 | [INFO]    | Discordia 2.9.1
2021-08-14 22:50:46 | [INFO]    | Connecting to Discord...
2021-08-14 22:50:47 | [INFO]    | Authenticated as CoronaBot#6398
2021-08-14 22:50:47 | [INFO]    | Launching shard 0 (1 out of 1)...
2021-08-14 22:50:47 | [INFO]    | Shard 0 : Connected to wss://gateway.discord.gg
2021-08-14 22:50:47 | [INFO]    | Shard 0 : Received HELLO
2021-08-14 22:50:48 | [INFO]    | Shard 0 : Received READY
2021-08-14 22:51:39 | [INFO]    | Discordia 2.9.1
2021-08-14 22:51:39 | [INFO]    | Connecting to Discord...
2021-08-14 22:51:39 | [INFO]    | Authenticated as CoronaBot#6398
2021-08-14 22:51:39 | [INFO]    | Launching shard 0 (1 out of 1)...
2021-08-14 22:51:40 | [INFO]    | Shard 0 : Connected to wss://gateway.discord.gg
2021-08-14 22:51:40 | [INFO]    | Shard 0 : Received HELLO
2021-08-14 22:51:40 | [INFO]    | Shard 0 : Received READY
2021-08-14 22:52:42 | [INFO]    | Discordia 2.9.1
2021-08-14 22:52:42 | [INFO]    | Connecting to Discord...
2021-08-14 22:52:43 | [INFO]    | Authenticated as CoronaBot#6398
2021-08-14 22:52:43 | [INFO]    | Launching shard 0 (1 out of 1)...
2021-08-14 22:52:43 | [INFO]    | Shard 0 : Connected to wss://gateway.discord.gg
2021-08-14 22:52:43 | [INFO]    | Shard 0 : Received HELLO
2021-08-14 22:52:44 | [INFO]    | Shard 0 : Received READY
2021-08-14 22:53:11 | [INFO]    | Discordia 2.9.1
2021-08-14 22:53:11 | [INFO]    | Connecting to Discord...
2021-08-14 22:53:12 | [INFO]    | Authenticated as CoronaBot#6398
2021-08-14 22:53:12 | [INFO]    | Launching shard 0 (1 out of 1)...
2021-08-14 22:53:12 | [INFO]    | Shard 0 : Connected to wss://gateway.discord.gg
2021-08-14 22:53:12 | [INFO]    | Shard 0 : Received HELLO
2021-08-14 22:53:12 | [INFO]    | Shard 0 : Received READY
2021-08-14 22:55:24 | [INFO]    | Discordia 2.9.1
2021-08-14 22:55:24 | [INFO]    | Connecting to Discord...
2021-08-14 22:55:24 | [INFO]    | Authenticated as CoronaBot#6398
2021-08-14 22:55:24 | [INFO]    | Launching shard 0 (1 out of 1)...
2021-08-14 22:55:25 | [INFO]    | Shard 0 : Connected to wss://gateway.discord.gg
2021-08-14 22:55:25 | [INFO]    | Shard 0 : Received HELLO
2021-08-14 22:55:25 | [INFO]    | Shard 0 : Received READY
2021-08-14 22:55:56 | [INFO]    | Discordia 2.9.1
2021-08-14 22:55:56 | [INFO]    | Connecting to Discord...
2021-08-14 22:55:57 | [INFO]    | Authenticated as CoronaBot#6398
2021-08-14 22:55:57 | [INFO]    | Launching shard 0 (1 out of 1)...
2021-08-14 22:55:57 | [INFO]    | Shard 0 : Connected to wss://gateway.discord.gg
2021-08-14 22:55:57 | [INFO]    | Shard 0 : Received HELLO
2021-08-14 22:55:57 | [INFO]    | Shard 0 : Received READY
2021-08-15 16:26:52 | [INFO]    | Discordia 2.9.1
2021-08-15 16:26:52 | [INFO]    | Connecting to Discord...
2021-08-15 16:26:52 | [INFO]    | Authenticated as CoronaBot#6398
2021-08-15 16:26:53 | [INFO]    | Launching shard 0 (1 out of 1)...
2021-08-15 16:26:54 | [INFO]    | Shard 0 : Connected to wss://gateway.discord.gg
2021-08-15 16:26:54 | [INFO]    | Shard 0 : Received HELLO
2021-08-15 16:26:54 | [INFO]    | Shard 0 : Received READY
2021-08-15 16:28:07 | [INFO]    | Discordia 2.9.1
2021-08-15 16:28:07 | [INFO]    | Connecting to Discord...
2021-08-15 16:28:08 | [INFO]    | Authenticated as CoronaBot#6398
2021-08-15 16:28:08 | [INFO]    | Launching shard 0 (1 out of 1)...
2021-08-15 16:28:08 | [INFO]    | Shard 0 : Connected to wss://gateway.discord.gg
2021-08-15 16:28:08 | [INFO]    | Shard 0 : Received HELLO
2021-08-15 16:28:09 | [INFO]    | Shard 0 : Received READY
2021-08-15 16:28:33 | [INFO]    | Discordia 2.9.1
2021-08-15 16:28:33 | [INFO]    | Connecting to Discord...
2021-08-15 16:28:34 | [INFO]    | Authenticated as CoronaBot#6398
2021-08-15 16:28:34 | [INFO]    | Launching shard 0 (1 out of 1)...
2021-08-15 16:28:34 | [INFO]    | Shard 0 : Connected to wss://gateway.discord.gg
2021-08-15 16:28:34 | [INFO]    | Shard 0 : Received HELLO
2021-08-15 16:28:35 | [INFO]    | Shard 0 : Received READY
2021-08-15 16:28:58 | [INFO]    | Discordia 2.9.1
2021-08-15 16:28:58 | [INFO]    | Connecting to Discord...
2021-08-15 16:28:58 | [INFO]    | Authenticated as CoronaBot#6398
2021-08-15 16:28:58 | [INFO]    | Launching shard 0 (1 out of 1)...
2021-08-15 16:28:59 | [INFO]    | Shard 0 : Connected to wss://gateway.discord.gg
2021-08-15 16:28:59 | [INFO]    | Shard 0 : Received HELLO
2021-08-15 16:28:59 | [INFO]    | Shard 0 : Received READY
2021-08-15 16:29:21 | [INFO]    | Discordia 2.9.1
2021-08-15 16:29:21 | [INFO]    | Connecting to Discord...
2021-08-15 16:29:21 | [INFO]    | Authenticated as CoronaBot#6398
2021-08-15 16:29:21 | [INFO]    | Launching shard 0 (1 out of 1)...
2021-08-15 16:29:22 | [INFO]    | Shard 0 : Connected to wss://gateway.discord.gg
2021-08-15 16:29:22 | [INFO]    | Shard 0 : Received HELLO
2021-08-15 16:29:22 | [INFO]    | Shard 0 : Received READY
2021-08-15 16:30:05 | [INFO]    | Discordia 2.9.1
2021-08-15 16:30:05 | [INFO]    | Connecting to Discord...
2021-08-15 16:30:06 | [INFO]    | Authenticated as CoronaBot#6398
2021-08-15 16:30:06 | [INFO]    | Launching shard 0 (1 out of 1)...
2021-08-15 16:30:06 | [INFO]    | Shard 0 : Connected to wss://gateway.discord.gg
2021-08-15 16:30:06 | [INFO]    | Shard 0 : Received HELLO
2021-08-15 16:30:07 | [INFO]    | Shard 0 : Received READY
2021-08-15 16:36:22 | [INFO]    | Discordia 2.9.1
2021-08-15 16:36:22 | [INFO]    | Connecting to Discord...
2021-08-15 16:36:22 | [INFO]    | Authenticated as CoronaBot#6398
2021-08-15 16:36:22 | [INFO]    | Launching shard 0 (1 out of 1)...
2021-08-15 16:36:23 | [INFO]    | Shard 0 : Connected to wss://gateway.discord.gg
2021-08-15 16:36:23 | [INFO]    | Shard 0 : Received HELLO
2021-08-15 16:36:23 | [INFO]    | Shard 0 : Received READY
2021-08-15 16:36:47 | [INFO]    | Discordia 2.9.1
2021-08-15 16:36:47 | [INFO]    | Connecting to Discord...
2021-08-15 16:36:48 | [INFO]    | Authenticated as CoronaBot#6398
2021-08-15 16:36:48 | [INFO]    | Launching shard 0 (1 out of 1)...
2021-08-15 16:36:48 | [INFO]    | Shard 0 : Connected to wss://gateway.discord.gg
2021-08-15 16:36:48 | [INFO]    | Shard 0 : Received HELLO
2021-08-15 16:36:49 | [INFO]    | Shard 0 : Received READY
2021-08-15 16:39:46 | [INFO]    | Discordia 2.9.1
2021-08-15 16:39:46 | [INFO]    | Connecting to Discord...
2021-08-15 16:39:46 | [INFO]    | Authenticated as CoronaBot#6398
2021-08-15 16:39:46 | [INFO]    | Launching shard 0 (1 out of 1)...
2021-08-15 16:39:47 | [INFO]    | Shard 0 : Connected to wss://gateway.discord.gg
2021-08-15 16:39:47 | [INFO]    | Shard 0 : Received HELLO
2021-08-15 16:39:47 | [INFO]    | Shard 0 : Received READY
2021-08-15 16:43:24 | [INFO]    | Discordia 2.9.1
2021-08-15 16:43:24 | [INFO]    | Connecting to Discord...
2021-08-15 16:43:24 | [INFO]    | Authenticated as CoronaBot#6398
2021-08-15 16:43:24 | [INFO]    | Launching shard 0 (1 out of 1)...
2021-08-15 16:43:25 | [INFO]    | Shard 0 : Connected to wss://gateway.discord.gg
2021-08-15 16:43:25 | [INFO]    | Shard 0 : Received HELLO
2021-08-15 16:43:25 | [INFO]    | Shard 0 : Received READY
2021-08-15 16:45:56 | [INFO]    | Discordia 2.9.1
2021-08-15 16:45:56 | [INFO]    | Connecting to Discord...
2021-08-15 16:45:56 | [INFO]    | Authenticated as CoronaBot#6398
2021-08-15 16:45:56 | [INFO]    | Launching shard 0 (1 out of 1)...
2021-08-15 16:45:56 | [INFO]    | Shard 0 : Connected to wss://gateway.discord.gg
2021-08-15 16:45:56 | [INFO]    | Shard 0 : Received HELLO
2021-08-15 16:45:57 | [INFO]    | Shard 0 : Received READY
2021-08-15 16:46:16 | [INFO]    | Discordia 2.9.1
2021-08-15 16:46:16 | [INFO]    | Connecting to Discord...
2021-08-15 16:46:16 | [INFO]    | Authenticated as CoronaBot#6398
2021-08-15 16:46:16 | [INFO]    | Launching shard 0 (1 out of 1)...
2021-08-15 16:46:17 | [INFO]    | Shard 0 : Connected to wss://gateway.discord.gg
2021-08-15 16:46:17 | [INFO]    | Shard 0 : Received HELLO
2021-08-15 16:46:17 | [INFO]    | Shard 0 : Received READY
2021-08-15 16:46:52 | [INFO]    | Discordia 2.9.1
2021-08-15 16:46:52 | [INFO]    | Connecting to Discord...
2021-08-15 16:46:53 | [INFO]    | Authenticated as CoronaBot#6398
2021-08-15 16:46:53 | [INFO]    | Launching shard 0 (1 out of 1)...
2021-08-15 16:46:53 | [INFO]    | Shard 0 : Connected to wss://gateway.discord.gg
2021-08-15 16:46:53 | [INFO]    | Shard 0 : Received HELLO
2021-08-15 16:46:53 | [INFO]    | Shard 0 : Received READY
2021-08-15 16:59:40 | [INFO]    | Discordia 2.9.1
2021-08-15 16:59:40 | [INFO]    | Connecting to Discord...
2021-08-15 16:59:40 | [INFO]    | Authenticated as CoronaBot#6398
2021-08-15 16:59:41 | [INFO]    | Launching shard 0 (1 out of 1)...
2021-08-15 16:59:41 | [INFO]    | Shard 0 : Connected to wss://gateway.discord.gg
2021-08-15 16:59:41 | [INFO]    | Shard 0 : Received HELLO
2021-08-15 16:59:41 | [INFO]    | Shard 0 : Received READY
2021-08-15 17:00:32 | [INFO]    | Discordia 2.9.1
2021-08-15 17:00:32 | [INFO]    | Connecting to Discord...
2021-08-15 17:00:32 | [INFO]    | Authenticated as CoronaBot#6398
2021-08-15 17:00:32 | [INFO]    | Launching shard 0 (1 out of 1)...
2021-08-15 17:00:33 | [INFO]    | Shard 0 : Connected to wss://gateway.discord.gg
2021-08-15 17:00:33 | [INFO]    | Shard 0 : Received HELLO
2021-08-15 17:00:33 | [INFO]    | Shard 0 : Received READY
2021-08-15 17:00:48 | [INFO]    | Discordia 2.9.1
2021-08-15 17:00:48 | [INFO]    | Connecting to Discord...
2021-08-15 17:00:48 | [INFO]    | Authenticated as CoronaBot#6398
2021-08-15 17:00:48 | [INFO]    | Launching shard 0 (1 out of 1)...
2021-08-15 17:00:49 | [INFO]    | Shard 0 : Connected to wss://gateway.discord.gg
2021-08-15 17:00:49 | [INFO]    | Shard 0 : Received HELLO
2021-08-15 17:00:49 | [INFO]    | Shard 0 : Received READY
2021-08-15 17:01:32 | [INFO]    | Discordia 2.9.1
2021-08-15 17:01:32 | [INFO]    | Connecting to Discord...
2021-08-15 17:01:32 | [INFO]    | Authenticated as CoronaBot#6398
2021-08-15 17:01:32 | [INFO]    | Launching shard 0 (1 out of 1)...
2021-08-15 17:01:33 | [INFO]    | Shard 0 : Connected to wss://gateway.discord.gg
2021-08-15 17:01:33 | [INFO]    | Shard 0 : Received HELLO
2021-08-15 17:01:33 | [INFO]    | Shard 0 : Received READY
2021-08-15 17:13:29 | [INFO]    | Discordia 2.9.1
2021-08-15 17:13:29 | [INFO]    | Connecting to Discord...
2021-08-15 17:13:30 | [INFO]    | Authenticated as CoronaBot#6398
2021-08-15 17:13:30 | [INFO]    | Launching shard 0 (1 out of 1)...
2021-08-15 17:13:30 | [INFO]    | Shard 0 : Connected to wss://gateway.discord.gg
2021-08-15 17:13:30 | [INFO]    | Shard 0 : Received HELLO
2021-08-15 17:13:30 | [INFO]    | Shard 0 : Received READY
2021-08-15 17:14:44 | [INFO]    | Discordia 2.9.1
2021-08-15 17:14:44 | [INFO]    | Connecting to Discord...
2021-08-15 17:14:45 | [INFO]    | Authenticated as CoronaBot#6398
2021-08-15 17:14:45 | [INFO]    | Launching shard 0 (1 out of 1)...
2021-08-15 17:14:45 | [INFO]    | Shard 0 : Connected to wss://gateway.discord.gg
2021-08-15 17:14:45 | [INFO]    | Shard 0 : Received HELLO
2021-08-15 17:14:45 | [INFO]    | Shard 0 : Received READY
2021-08-15 17:16:05 | [INFO]    | Discordia 2.9.1
2021-08-15 17:16:05 | [INFO]    | Connecting to Discord...
2021-08-15 17:16:05 | [INFO]    | Authenticated as CoronaBot#6398
2021-08-15 17:16:05 | [INFO]    | Launching shard 0 (1 out of 1)...
2021-08-15 17:16:06 | [INFO]    | Shard 0 : Connected to wss://gateway.discord.gg
2021-08-15 17:16:06 | [INFO]    | Shard 0 : Received HELLO
2021-08-15 17:16:06 | [INFO]    | Shard 0 : Received READY
2021-08-15 17:17:29 | [INFO]    | Discordia 2.9.1
2021-08-15 17:17:29 | [INFO]    | Connecting to Discord...
2021-08-15 17:17:29 | [INFO]    | Authenticated as CoronaBot#6398
2021-08-15 17:17:29 | [INFO]    | Launching shard 0 (1 out of 1)...
2021-08-15 17:17:30 | [INFO]    | Shard 0 : Connected to wss://gateway.discord.gg
2021-08-15 17:17:30 | [INFO]    | Shard 0 : Received HELLO
2021-08-15 17:17:30 | [INFO]    | Shard 0 : Received READY
2021-08-15 17:23:47 | [INFO]    | Discordia 2.9.1
2021-08-15 17:23:47 | [INFO]    | Connecting to Discord...
2021-08-15 17:23:47 | [INFO]    | Authenticated as CoronaBot#6398
2021-08-15 17:23:47 | [INFO]    | Launching shard 0 (1 out of 1)...
2021-08-15 17:23:48 | [INFO]    | Shard 0 : Connected to wss://gateway.discord.gg
2021-08-15 17:23:48 | [INFO]    | Shard 0 : Received HELLO
2021-08-15 17:23:48 | [INFO]    | Shard 0 : Received READY
2021-08-15 17:54:00 | [INFO]    | Discordia 2.9.1
2021-08-15 17:54:00 | [INFO]    | Connecting to Discord...
2021-08-15 17:54:01 | [INFO]    | Authenticated as CoronaBot#6398
2021-08-15 17:54:02 | [INFO]    | Launching shard 0 (1 out of 1)...
2021-08-15 17:54:02 | [INFO]    | Shard 0 : Connected to wss://gateway.discord.gg
2021-08-15 17:54:02 | [INFO]    | Shard 0 : Received HELLO
2021-08-15 17:54:02 | [INFO]    | Shard 0 : Received READY
2021-08-15 17:57:11 | [INFO]    | Discordia 2.9.1
2021-08-15 17:57:11 | [INFO]    | Connecting to Discord...
2021-08-15 17:57:11 | [INFO]    | Authenticated as CoronaBot#6398
2021-08-15 17:57:11 | [INFO]    | Launching shard 0 (1 out of 1)...
2021-08-15 17:57:12 | [INFO]    | Shard 0 : Connected to wss://gateway.discord.gg
2021-08-15 17:57:12 | [INFO]    | Shard 0 : Received HELLO
2021-08-15 17:57:12 | [INFO]    | Shard 0 : Received READY
2021-08-15 17:57:53 | [INFO]    | Discordia 2.9.1
2021-08-15 17:57:53 | [INFO]    | Connecting to Discord...
2021-08-15 17:57:54 | [INFO]    | Authenticated as CoronaBot#6398
2021-08-15 17:57:54 | [INFO]    | Launching shard 0 (1 out of 1)...
2021-08-15 17:57:54 | [INFO]    | Shard 0 : Connected to wss://gateway.discord.gg
2021-08-15 17:57:54 | [INFO]    | Shard 0 : Received HELLO
2021-08-15 17:57:54 | [INFO]    | Shard 0 : Received READY
2021-08-15 17:59:15 | [INFO]    | Discordia 2.9.1
2021-08-15 17:59:15 | [INFO]    | Connecting to Discord...
2021-08-15 17:59:16 | [INFO]    | Authenticated as CoronaBot#6398
2021-08-15 17:59:16 | [INFO]    | Launching shard 0 (1 out of 1)...
2021-08-15 17:59:16 | [INFO]    | Shard 0 : Connected to wss://gateway.discord.gg
2021-08-15 17:59:16 | [INFO]    | Shard 0 : Received HELLO
2021-08-15 17:59:17 | [INFO]    | Shard 0 : Received READY
2021-08-15 18:02:46 | [INFO]    | Discordia 2.9.1
2021-08-15 18:02:46 | [INFO]    | Connecting to Discord...
2021-08-15 18:02:47 | [INFO]    | Authenticated as CoronaBot#6398
2021-08-15 18:02:47 | [INFO]    | Launching shard 0 (1 out of 1)...
2021-08-15 18:02:47 | [INFO]    | Shard 0 : Connected to wss://gateway.discord.gg
2021-08-15 18:02:47 | [INFO]    | Shard 0 : Received HELLO
2021-08-15 18:02:47 | [INFO]    | Shard 0 : Received READY
2021-08-15 18:03:33 | [INFO]    | Discordia 2.9.1
2021-08-15 18:03:33 | [INFO]    | Connecting to Discord...
2021-08-15 18:03:34 | [INFO]    | Authenticated as CoronaBot#6398
2021-08-15 18:03:34 | [INFO]    | Launching shard 0 (1 out of 1)...
2021-08-15 18:03:34 | [INFO]    | Shard 0 : Connected to wss://gateway.discord.gg
2021-08-15 18:03:34 | [INFO]    | Shard 0 : Received HELLO
2021-08-15 18:03:35 | [INFO]    | Shard 0 : Received READY
2021-08-15 18:08:49 | [INFO]    | Discordia 2.9.1
2021-08-15 18:08:49 | [INFO]    | Connecting to Discord...
2021-08-15 18:08:50 | [INFO]    | Authenticated as CoronaBot#6398
2021-08-15 18:08:50 | [INFO]    | Launching shard 0 (1 out of 1)...
2021-08-15 18:08:50 | [INFO]    | Shard 0 : Connected to wss://gateway.discord.gg
2021-08-15 18:08:50 | [INFO]    | Shard 0 : Received HELLO
2021-08-15 18:08:51 | [INFO]    | Shard 0 : Received READY
2021-08-15 18:20:43 | [INFO]    | Discordia 2.9.1
2021-08-15 18:20:43 | [INFO]    | Connecting to Discord...
2021-08-15 18:20:43 | [INFO]    | Authenticated as CoronaBot#6398
2021-08-15 18:20:43 | [INFO]    | Launching shard 0 (1 out of 1)...
2021-08-15 18:20:44 | [INFO]    | Shard 0 : Connected to wss://gateway.discord.gg
2021-08-15 18:20:44 | [INFO]    | Shard 0 : Received HELLO
2021-08-15 18:20:44 | [INFO]    | Shard 0 : Received READY
2021-08-15 18:20:58 | [INFO]    | Discordia 2.9.1
2021-08-15 18:20:58 | [INFO]    | Connecting to Discord...
2021-08-15 18:20:58 | [INFO]    | Authenticated as CoronaBot#6398
2021-08-15 18:20:58 | [INFO]    | Launching shard 0 (1 out of 1)...
2021-08-15 18:20:59 | [INFO]    | Shard 0 : Connected to wss://gateway.discord.gg
2021-08-15 18:20:59 | [INFO]    | Shard 0 : Received HELLO
2021-08-15 18:20:59 | [INFO]    | Shard 0 : Received READY
2021-08-15 18:21:04 | [INFO]    | Discordia 2.9.1
2021-08-15 18:21:04 | [INFO]    | Connecting to Discord...
2021-08-15 18:21:05 | [INFO]    | Authenticated as CoronaBot#6398
2021-08-15 18:21:05 | [INFO]    | Launching shard 0 (1 out of 1)...
2021-08-15 18:21:05 | [INFO]    | Shard 0 : Connected to wss://gateway.discord.gg
2021-08-15 18:21:05 | [INFO]    | Shard 0 : Received HELLO
2021-08-15 18:21:06 | [INFO]    | Shard 0 : Received READY
2021-08-15 18:21:34 | [INFO]    | Discordia 2.9.1
2021-08-15 18:21:34 | [INFO]    | Connecting to Discord...
2021-08-15 18:21:35 | [INFO]    | Authenticated as CoronaBot#6398
2021-08-15 18:21:35 | [INFO]    | Launching shard 0 (1 out of 1)...
2021-08-15 18:21:35 | [INFO]    | Shard 0 : Connected to wss://gateway.discord.gg
2021-08-15 18:21:35 | [INFO]    | Shard 0 : Received HELLO
2021-08-15 18:21:36 | [INFO]    | Shard 0 : Received READY
2021-08-15 18:22:07 | [INFO]    | Discordia 2.9.1
2021-08-15 18:22:07 | [INFO]    | Connecting to Discord...
2021-08-15 18:22:18 | [ERROR]   | Could not authenticate, check token: E:/Work Zone/Bot Works/CoronaBot/deps/coro-http.lua:75: EAI_NONAME
2021-08-15 18:22:30 | [INFO]    | Discordia 2.9.1
2021-08-15 18:22:30 | [INFO]    | Connecting to Discord...
2021-08-15 18:22:30 | [INFO]    | Authenticated as CoronaBot#6398
2021-08-15 18:22:30 | [INFO]    | Launching shard 0 (1 out of 1)...
2021-08-15 18:22:31 | [INFO]    | Shard 0 : Connected to wss://gateway.discord.gg
2021-08-15 18:22:31 | [INFO]    | Shard 0 : Received HELLO
2021-08-15 18:22:31 | [INFO]    | Shard 0 : Received READY
2021-08-15 18:30:22 | [INFO]    | Discordia 2.9.1
2021-08-15 18:30:22 | [INFO]    | Connecting to Discord...
2021-08-15 18:30:23 | [INFO]    | Authenticated as CoronaBot#6398
2021-08-15 18:30:23 | [INFO]    | Launching shard 0 (1 out of 1)...
2021-08-15 18:30:24 | [INFO]    | Shard 0 : Connected to wss://gateway.discord.gg
2021-08-15 18:30:24 | [INFO]    | Shard 0 : Received HELLO
2021-08-15 18:30:24 | [INFO]    | Shard 0 : Received READY
2021-08-15 18:32:14 | [INFO]    | Discordia 2.9.1
2021-08-15 18:32:14 | [INFO]    | Connecting to Discord...
2021-08-15 18:32:16 | [INFO]    | Authenticated as CoronaBot#6398
2021-08-15 18:32:16 | [INFO]    | Launching shard 0 (1 out of 1)...
2021-08-15 18:32:17 | [INFO]    | Shard 0 : Connected to wss://gateway.discord.gg
2021-08-15 18:32:17 | [INFO]    | Shard 0 : Received HELLO
2021-08-15 18:32:17 | [INFO]    | Shard 0 : Received READY
